#
# There is insufficient memory for the Java Runtime Environment to continue.
# Native memory allocation (mmap) failed to map 45088768 bytes for Failed to commit area from 0x000000075e600000 to 0x0000000761100000 of length 45088768.
# Possible reasons:
#   The system is out of physical RAM or swap space
#   The process is running with CompressedOops enabled, and the Java Heap may be blocking the growth of the native heap
# Possible solutions:
#   Reduce memory load on the system
#   Increase physical memory or swap space
#   Check if swap backing store is full
#   Decrease Java heap size (-Xmx/-Xms)
#   Decrease number of Java threads
#   Decrease Java thread stack sizes (-Xss)
#   Set larger code cache with -XX:ReservedCodeCacheSize=
#   JVM is running with Zero Based Compressed Oops mode in which the Java heap is
#     placed in the first 32GB address space. The Java Heap base address is the
#     maximum limit for the native heap growth. Please use -XX:HeapBaseMinAddress
#     to set the Java Heap base and to place the Java Heap above 32GB virtual address.
# This output file may be truncated or incomplete.
#
#  Out of Memory Error (./open/src/hotspot/os/windows/os_windows.cpp:3292), pid=6416, tid=4808
#
# JRE version: Java(TM) SE Runtime Environment 18.9 (11.0.18+9) (build 11.0.18+9-LTS-195)
# Java VM: Java HotSpot(TM) 64-Bit Server VM 18.9 (11.0.18+9-LTS-195, mixed mode, tiered, compressed oops, g1 gc, windows-amd64)
# No core dump will be written. Minidumps are not enabled by default on client versions of Windows
#

---------------  S U M M A R Y ------------

Command Line: org.jetbrains.kotlin.cli.jvm.K2JVMCompiler @C:\Users\ades\AndroidStudioProjects\MyStoryApp2\app\build\20230502_2899296158584806465.compiler.options

Host: AMD A8-7410 APU with AMD Radeon R5 Graphics    , 4 cores, 10G,  Windows 10 , 64 bit Build 19041 (10.0.19041.1202)
Time: Tue May  2 03:05:57 2023 Mountain Daylight Time elapsed time: 37.538720 seconds (0d 0h 0m 37s)

---------------  T H R E A D  ---------------

Current thread (0x000002ace4ea8800):  VMThread "VM Thread" [stack: 0x000000f1a0b00000,0x000000f1a0c00000] [id=4808]

Stack: [0x000000f1a0b00000,0x000000f1a0c00000]
[error occurred during error reporting (printing stack bounds), id 0xc0000005, EXCEPTION_ACCESS_VIOLATION (0xc0000005) at pc=0x000002accd1b0f2d]

Native frames: (J=compiled Java code, j=interpreted, Vv=VM code, C=native code)
V  [jvm.dll+0x65d8aa]
V  [jvm.dll+0x79fc1f]
V  [jvm.dll+0x7a12e9]
V  [jvm.dll+0x7a18e5]
V  [jvm.dll+0x7a189b]
V  [jvm.dll+0x65cdb3]
V  [jvm.dll+0x65d4a8]
C  [ntdll.dll+0xa20cf]
C  [ntdll.dll+0x51454]
C  [ntdll.dll+0xa0bfe]
C  0x000002accd1b0f2d

VM_Operation (0x000000f1a05ecaf0): G1CollectForAllocation, mode: safepoint, requested by thread 0x000002acc5acc000


---------------  P R O C E S S  ---------------

Threads class SMR info:
_java_thread_list=0x000002ace87f7d90, length=11, elements={
0x000002acc5acc000, 0x000002ace4ead000, 0x000002ace4eae000, 0x000002ace4ed6800,
0x000002ace4ed8000, 0x000002ace4eda000, 0x000002ace4edd000, 0x000002ace56f4000,
0x000002ace56fc800, 0x000002ace58be800, 0x000002ace8968800
}

Java Threads: ( => current thread )
  0x000002acc5acc000 JavaThread "main" [_thread_blocked, id=4404, stack(0x000000f1a0500000,0x000000f1a0600000)]
  0x000002ace4ead000 JavaThread "Reference Handler" daemon [_thread_blocked, id=3648, stack(0x000000f1a0c00000,0x000000f1a0d00000)]
  0x000002ace4eae000 JavaThread "Finalizer" daemon [_thread_blocked, id=4236, stack(0x000000f1a0d00000,0x000000f1a0e00000)]
  0x000002ace4ed6800 JavaThread "Signal Dispatcher" daemon [_thread_blocked, id=7108, stack(0x000000f1a0e00000,0x000000f1a0f00000)]
  0x000002ace4ed8000 JavaThread "Attach Listener" daemon [_thread_blocked, id=3560, stack(0x000000f1a0f00000,0x000000f1a1000000)]
  0x000002ace4eda000 JavaThread "Service Thread" daemon [_thread_blocked, id=3188, stack(0x000000f1a1000000,0x000000f1a1100000)]
  0x000002ace4edd000 JavaThread "C2 CompilerThread0" daemon [_thread_in_native, id=6180, stack(0x000000f1a1100000,0x000000f1a1200000)]
  0x000002ace56f4000 JavaThread "C1 CompilerThread0" daemon [_thread_blocked, id=2012, stack(0x000000f1a1200000,0x000000f1a1300000)]
  0x000002ace56fc800 JavaThread "Sweeper thread" daemon [_thread_blocked, id=8052, stack(0x000000f1a1300000,0x000000f1a1400000)]
  0x000002ace58be800 JavaThread "Common-Cleaner" daemon [_thread_blocked, id=6152, stack(0x000000f1a1500000,0x000000f1a1600000)]
  0x000002ace8968800 JavaThread "C2 CompilerThread1" daemon [_thread_blocked, id=1784, stack(0x000000f1a1900000,0x000000f1a1a00000)]

Other Threads:
=>0x000002ace4ea8800 VMThread "VM Thread" [stack: 0x000000f1a0b00000,0x000000f1a0c00000] [id=4808]
  0x000002ace58bd800 WatcherThread [stack: 0x000000f1a1400000,0x000000f1a1500000] [id=6552]
  0x000002acc5ae3000 GCTaskThread "GC Thread#0" [stack: 0x000000f1a0600000,0x000000f1a0700000] [id=4036]
  0x000002ace5eaf800 GCTaskThread "GC Thread#1" [stack: 0x000000f1a1600000,0x000000f1a1700000] [id=5644]
  0x000002ace5eb0000 GCTaskThread "GC Thread#2" [stack: 0x000000f1a1700000,0x000000f1a1800000] [id=3740]
  0x000002ace5eb0800 GCTaskThread "GC Thread#3" [stack: 0x000000f1a1800000,0x000000f1a1900000] [id=6792]
  0x000002acc5b23800 ConcurrentGCThread "G1 Main Marker" [stack: 0x000000f1a0700000,0x000000f1a0800000] [id=1300]
  0x000002acc5b24800 ConcurrentGCThread "G1 Conc#0" [stack: 0x000000f1a0800000,0x000000f1a0900000] [id=7760]
  0x000002ace4d0c800 ConcurrentGCThread "G1 Refine#0" [stack: 0x000000f1a0900000,0x000000f1a0a00000] [id=1612]
  0x000002acecf3c800 ConcurrentGCThread "G1 Refine#1" [stack: 0x000000f1a1a00000,0x000000f1a1b00000] [id=7044]
  0x000002ace4d0e800 ConcurrentGCThread "G1 Young RemSet Sampling" [stack: 0x000000f1a0a00000,0x000000f1a0b00000] [id=4832]

Threads with active compile tasks:
C2 CompilerThread0    37553 11502       4       org.jetbrains.kotlin.resolve.calls.tower.NoExplicitReceiverScopeTowerProcessor::simpleProcess (947 bytes)
C2 CompilerThread1    37553 11727       4       org.jetbrains.kotlin.utils.SmartSet::add (216 bytes)

VM state:at safepoint (normal execution)

VM Mutex/Monitor currently owned by a thread:  ([mutex/lock_event])
[0x000002acc5ac7110] Threads_lock - owner thread: 0x000002ace4ea8800
[0x000002acc5ac78f0] Heap_lock - owner thread: 0x000002acc5acc000

Heap address: 0x0000000751200000, size: 2798 MB, Compressed Oops mode: Zero based, Oop shift amount: 3
Narrow klass base: 0x0000000800000000, Narrow klass shift: 0
Compressed class space size: 1073741824 Address: 0x0000000800000000

Heap:
 garbage-first heap   total 261120K, used 86120K [0x0000000751200000, 0x0000000800000000)
  region size 1024K, 12 young (12288K), 12 survivors (12288K)
 Metaspace       used 70790K, capacity 71705K, committed 71888K, reserved 1114112K
  class space    used 7881K, capacity 8238K, committed 8320K, reserved 1048576K
Heap Regions: E=young(eden), S=young(survivor), O=old, HS=humongous(starts), HC=humongous(continues), CS=collection set, F=free, A=archive, TAMS=top-at-mark-start (previous, next)
|   0|0x0000000751200000, 0x0000000751300000, 0x0000000751300000|100%|HS|  |TAMS 0x0000000751300000, 0x0000000751200000| Complete 
|   1|0x0000000751300000, 0x0000000751400000, 0x0000000751400000|100%|HC|  |TAMS 0x0000000751400000, 0x0000000751300000| Complete 
|   2|0x0000000751400000, 0x0000000751500000, 0x0000000751500000|100%|HC|  |TAMS 0x0000000751500000, 0x0000000751400000| Complete 
|   3|0x0000000751500000, 0x0000000751600000, 0x0000000751600000|100%|HC|  |TAMS 0x0000000751600000, 0x0000000751500000| Complete 
|   4|0x0000000751600000, 0x0000000751700000, 0x0000000751700000|100%| O|  |TAMS 0x0000000751700000, 0x0000000751600000| Untracked 
|   5|0x0000000751700000, 0x0000000751800000, 0x0000000751800000|100%| O|  |TAMS 0x0000000751800000, 0x0000000751700000| Untracked 
|   6|0x0000000751800000, 0x0000000751900000, 0x0000000751900000|100%|HS|  |TAMS 0x0000000751900000, 0x0000000751800000| Complete 
|   7|0x0000000751900000, 0x0000000751a00000, 0x0000000751a00000|100%|HC|  |TAMS 0x0000000751a00000, 0x0000000751900000| Complete 
|   8|0x0000000751a00000, 0x0000000751b00000, 0x0000000751b00000|100%|HC|  |TAMS 0x0000000751b00000, 0x0000000751a00000| Complete 
|   9|0x0000000751b00000, 0x0000000751c00000, 0x0000000751c00000|100%|HC|  |TAMS 0x0000000751c00000, 0x0000000751b00000| Complete 
|  10|0x0000000751c00000, 0x0000000751d00000, 0x0000000751d00000|100%|HS|  |TAMS 0x0000000751c00000, 0x0000000751c00000| Complete 
|  11|0x0000000751d00000, 0x0000000751e00000, 0x0000000751e00000|100%|HC|  |TAMS 0x0000000751d00000, 0x0000000751d00000| Complete 
|  12|0x0000000751e00000, 0x0000000751f00000, 0x0000000751f00000|100%| O|  |TAMS 0x0000000751f00000, 0x0000000751e00000| Untracked 
|  13|0x0000000751f00000, 0x0000000752000000, 0x0000000752000000|100%| O|  |TAMS 0x0000000752000000, 0x0000000751f00000| Untracked 
|  14|0x0000000752000000, 0x0000000752100000, 0x0000000752100000|100%| O|  |TAMS 0x0000000752100000, 0x0000000752000000| Untracked 
|  15|0x0000000752100000, 0x0000000752200000, 0x0000000752200000|100%| O|  |TAMS 0x0000000752200000, 0x0000000752100000| Untracked 
|  16|0x0000000752200000, 0x0000000752300000, 0x0000000752300000|100%| O|  |TAMS 0x0000000752300000, 0x0000000752200000| Untracked 
|  17|0x0000000752300000, 0x0000000752400000, 0x0000000752400000|100%| O|  |TAMS 0x0000000752400000, 0x0000000752300000| Untracked 
|  18|0x0000000752400000, 0x0000000752500000, 0x0000000752500000|100%| O|  |TAMS 0x0000000752500000, 0x0000000752400000| Untracked 
|  19|0x0000000752500000, 0x0000000752600000, 0x0000000752600000|100%| O|  |TAMS 0x0000000752600000, 0x0000000752500000| Untracked 
|  20|0x0000000752600000, 0x0000000752700000, 0x0000000752700000|100%| O|  |TAMS 0x0000000752700000, 0x0000000752600000| Untracked 
|  21|0x0000000752700000, 0x0000000752800000, 0x0000000752800000|100%| O|  |TAMS 0x0000000752800000, 0x0000000752700000| Untracked 
|  22|0x0000000752800000, 0x0000000752900000, 0x0000000752900000|100%| O|  |TAMS 0x0000000752900000, 0x0000000752800000| Untracked 
|  23|0x0000000752900000, 0x0000000752a00000, 0x0000000752a00000|100%| O|  |TAMS 0x00000007529be000, 0x0000000752900000| Untracked 
|  24|0x0000000752a00000, 0x0000000752b00000, 0x0000000752b00000|100%| O|  |TAMS 0x0000000752a00000, 0x0000000752a00000| Untracked 
|  25|0x0000000752b00000, 0x0000000752c00000, 0x0000000752c00000|100%| O|  |TAMS 0x0000000752b00000, 0x0000000752b00000| Untracked 
|  26|0x0000000752c00000, 0x0000000752d00000, 0x0000000752d00000|100%| O|  |TAMS 0x0000000752c00000, 0x0000000752c00000| Untracked 
|  27|0x0000000752d00000, 0x0000000752e00000, 0x0000000752e00000|100%| O|  |TAMS 0x0000000752d00000, 0x0000000752d00000| Untracked 
|  28|0x0000000752e00000, 0x0000000752f00000, 0x0000000752f00000|100%| O|  |TAMS 0x0000000752e00000, 0x0000000752e00000| Untracked 
|  29|0x0000000752f00000, 0x0000000753000000, 0x0000000753000000|100%| O|  |TAMS 0x0000000752f00000, 0x0000000752f00000| Untracked 
|  30|0x0000000753000000, 0x0000000753100000, 0x0000000753100000|100%| O|  |TAMS 0x0000000753000000, 0x0000000753000000| Untracked 
|  31|0x0000000753100000, 0x0000000753200000, 0x0000000753200000|100%| O|  |TAMS 0x0000000753100000, 0x0000000753100000| Untracked 
|  32|0x0000000753200000, 0x0000000753300000, 0x0000000753300000|100%| O|  |TAMS 0x0000000753200000, 0x0000000753200000| Untracked 
|  33|0x0000000753300000, 0x0000000753400000, 0x0000000753400000|100%| O|  |TAMS 0x0000000753300000, 0x0000000753300000| Untracked 
|  34|0x0000000753400000, 0x0000000753500000, 0x0000000753500000|100%| O|  |TAMS 0x0000000753400000, 0x0000000753400000| Untracked 
|  35|0x0000000753500000, 0x0000000753600000, 0x0000000753600000|100%| O|  |TAMS 0x0000000753500000, 0x0000000753500000| Untracked 
|  36|0x0000000753600000, 0x0000000753700000, 0x0000000753700000|100%| O|  |TAMS 0x0000000753600000, 0x0000000753600000| Untracked 
|  37|0x0000000753700000, 0x0000000753800000, 0x0000000753800000|100%| O|  |TAMS 0x0000000753700000, 0x0000000753700000| Untracked 
|  38|0x0000000753800000, 0x0000000753900000, 0x0000000753900000|100%| O|  |TAMS 0x0000000753800000, 0x0000000753800000| Untracked 
|  39|0x0000000753900000, 0x0000000753a00000, 0x0000000753a00000|100%| O|  |TAMS 0x0000000753900000, 0x0000000753900000| Untracked 
|  40|0x0000000753a00000, 0x0000000753b00000, 0x0000000753b00000|100%| O|  |TAMS 0x0000000753a00000, 0x0000000753a00000| Untracked 
|  41|0x0000000753b00000, 0x0000000753c00000, 0x0000000753c00000|100%| O|  |TAMS 0x0000000753b00000, 0x0000000753b00000| Untracked 
|  42|0x0000000753c00000, 0x0000000753d00000, 0x0000000753d00000|100%| O|  |TAMS 0x0000000753c00000, 0x0000000753c00000| Untracked 
|  43|0x0000000753d00000, 0x0000000753e00000, 0x0000000753e00000|100%| O|  |TAMS 0x0000000753d00000, 0x0000000753d00000| Untracked 
|  44|0x0000000753e00000, 0x0000000753f00000, 0x0000000753f00000|100%| O|  |TAMS 0x0000000753e00000, 0x0000000753e00000| Untracked 
|  45|0x0000000753f00000, 0x0000000754000000, 0x0000000754000000|100%| O|  |TAMS 0x0000000753f00000, 0x0000000753f00000| Untracked 
|  46|0x0000000754000000, 0x0000000754100000, 0x0000000754100000|100%| O|  |TAMS 0x0000000754000000, 0x0000000754000000| Untracked 
|  47|0x0000000754100000, 0x0000000754200000, 0x0000000754200000|100%| O|  |TAMS 0x0000000754100000, 0x0000000754100000| Untracked 
|  48|0x0000000754200000, 0x0000000754300000, 0x0000000754300000|100%| O|  |TAMS 0x0000000754200000, 0x0000000754200000| Untracked 
|  49|0x0000000754300000, 0x0000000754400000, 0x0000000754400000|100%| O|  |TAMS 0x0000000754300000, 0x0000000754300000| Untracked 
|  50|0x0000000754400000, 0x0000000754500000, 0x0000000754500000|100%| O|  |TAMS 0x0000000754400000, 0x0000000754400000| Untracked 
|  51|0x0000000754500000, 0x0000000754600000, 0x0000000754600000|100%| O|  |TAMS 0x0000000754500000, 0x0000000754500000| Untracked 
|  52|0x0000000754600000, 0x0000000754700000, 0x0000000754700000|100%| O|  |TAMS 0x0000000754600000, 0x0000000754600000| Untracked 
|  53|0x0000000754700000, 0x0000000754800000, 0x0000000754800000|100%| O|  |TAMS 0x0000000754700000, 0x0000000754700000| Untracked 
|  54|0x0000000754800000, 0x0000000754900000, 0x0000000754900000|100%| O|  |TAMS 0x0000000754800000, 0x0000000754800000| Untracked 
|  55|0x0000000754900000, 0x0000000754a00000, 0x0000000754a00000|100%| O|  |TAMS 0x0000000754900000, 0x0000000754900000| Untracked 
|  56|0x0000000754a00000, 0x0000000754b00000, 0x0000000754b00000|100%| O|  |TAMS 0x0000000754a00000, 0x0000000754a00000| Untracked 
|  57|0x0000000754b00000, 0x0000000754c00000, 0x0000000754c00000|100%| O|  |TAMS 0x0000000754b00000, 0x0000000754b00000| Untracked 
|  58|0x0000000754c00000, 0x0000000754d00000, 0x0000000754d00000|100%| O|  |TAMS 0x0000000754c00000, 0x0000000754c00000| Untracked 
|  59|0x0000000754d00000, 0x0000000754e00000, 0x0000000754e00000|100%| O|  |TAMS 0x0000000754d00000, 0x0000000754d00000| Untracked 
|  60|0x0000000754e00000, 0x0000000754e00000, 0x0000000754f00000|  0%| F|  |TAMS 0x0000000754e00000, 0x0000000754e00000| Untracked 
|  61|0x0000000754f00000, 0x0000000755000000, 0x0000000755000000|100%| O|  |TAMS 0x0000000754f00000, 0x0000000754f00000| Untracked 
|  62|0x0000000755000000, 0x0000000755100000, 0x0000000755100000|100%| O|  |TAMS 0x0000000755000000, 0x0000000755000000| Untracked 
|  63|0x0000000755100000, 0x0000000755200000, 0x0000000755200000|100%| O|  |TAMS 0x0000000755100000, 0x0000000755100000| Untracked 
|  64|0x0000000755200000, 0x0000000755300000, 0x0000000755300000|100%| O|  |TAMS 0x0000000755200000, 0x0000000755200000| Untracked 
|  65|0x0000000755300000, 0x0000000755400000, 0x0000000755400000|100%| O|  |TAMS 0x0000000755300000, 0x0000000755300000| Untracked 
|  66|0x0000000755400000, 0x0000000755500000, 0x0000000755500000|100%| O|  |TAMS 0x0000000755400000, 0x0000000755400000| Untracked 
|  67|0x0000000755500000, 0x0000000755600000, 0x0000000755600000|100%| O|  |TAMS 0x0000000755500000, 0x0000000755500000| Untracked 
|  68|0x0000000755600000, 0x0000000755700000, 0x0000000755700000|100%| O|  |TAMS 0x0000000755600000, 0x0000000755600000| Untracked 
|  69|0x0000000755700000, 0x0000000755800000, 0x0000000755800000|100%| O|  |TAMS 0x0000000755700000, 0x0000000755700000| Untracked 
|  70|0x0000000755800000, 0x0000000755900000, 0x0000000755900000|100%| O|  |TAMS 0x0000000755800000, 0x0000000755800000| Untracked 
|  71|0x0000000755900000, 0x0000000755a00000, 0x0000000755a00000|100%| O|  |TAMS 0x0000000755900000, 0x0000000755900000| Untracked 
|  72|0x0000000755a00000, 0x0000000755b00000, 0x0000000755b00000|100%| O|  |TAMS 0x0000000755a00000, 0x0000000755a00000| Untracked 
|  73|0x0000000755b00000, 0x0000000755b9a000, 0x0000000755c00000| 60%| O|  |TAMS 0x0000000755b00000, 0x0000000755b00000| Untracked 
|  74|0x0000000755c00000, 0x0000000755c00000, 0x0000000755d00000|  0%| F|  |TAMS 0x0000000755c00000, 0x0000000755c00000| Untracked 
|  75|0x0000000755d00000, 0x0000000755d00000, 0x0000000755e00000|  0%| F|  |TAMS 0x0000000755d00000, 0x0000000755d00000| Untracked 
|  76|0x0000000755e00000, 0x0000000755e00000, 0x0000000755f00000|  0%| F|  |TAMS 0x0000000755e00000, 0x0000000755e00000| Untracked 
|  77|0x0000000755f00000, 0x0000000755f00000, 0x0000000756000000|  0%| F|  |TAMS 0x0000000755f00000, 0x0000000755f00000| Untracked 
|  78|0x0000000756000000, 0x0000000756000000, 0x0000000756100000|  0%| F|  |TAMS 0x0000000756000000, 0x0000000756000000| Untracked 
|  79|0x0000000756100000, 0x0000000756100000, 0x0000000756200000|  0%| F|  |TAMS 0x0000000756100000, 0x0000000756100000| Untracked 
|  80|0x0000000756200000, 0x0000000756200000, 0x0000000756300000|  0%| F|  |TAMS 0x0000000756200000, 0x0000000756200000| Untracked 
|  81|0x0000000756300000, 0x0000000756300000, 0x0000000756400000|  0%| F|  |TAMS 0x0000000756300000, 0x0000000756300000| Untracked 
|  82|0x0000000756400000, 0x0000000756400000, 0x0000000756500000|  0%| F|  |TAMS 0x0000000756400000, 0x0000000756400000| Untracked 
|  83|0x0000000756500000, 0x0000000756500000, 0x0000000756600000|  0%| F|  |TAMS 0x0000000756500000, 0x0000000756500000| Untracked 
|  84|0x0000000756600000, 0x0000000756600000, 0x0000000756700000|  0%| F|  |TAMS 0x0000000756600000, 0x0000000756600000| Untracked 
|  85|0x0000000756700000, 0x0000000756700000, 0x0000000756800000|  0%| F|  |TAMS 0x0000000756700000, 0x0000000756700000| Untracked 
|  86|0x0000000756800000, 0x0000000756800000, 0x0000000756900000|  0%| F|  |TAMS 0x0000000756800000, 0x0000000756800000| Untracked 
|  87|0x0000000756900000, 0x0000000756900000, 0x0000000756a00000|  0%| F|  |TAMS 0x0000000756900000, 0x0000000756900000| Untracked 
|  88|0x0000000756a00000, 0x0000000756a00000, 0x0000000756b00000|  0%| F|  |TAMS 0x0000000756a00000, 0x0000000756a00000| Untracked 
|  89|0x0000000756b00000, 0x0000000756b00000, 0x0000000756c00000|  0%| F|  |TAMS 0x0000000756b00000, 0x0000000756b00000| Untracked 
|  90|0x0000000756c00000, 0x0000000756c00000, 0x0000000756d00000|  0%| F|  |TAMS 0x0000000756c00000, 0x0000000756c00000| Untracked 
|  91|0x0000000756d00000, 0x0000000756d00000, 0x0000000756e00000|  0%| F|  |TAMS 0x0000000756d00000, 0x0000000756d00000| Untracked 
|  92|0x0000000756e00000, 0x0000000756e00000, 0x0000000756f00000|  0%| F|  |TAMS 0x0000000756e00000, 0x0000000756e00000| Untracked 
|  93|0x0000000756f00000, 0x0000000756f00000, 0x0000000757000000|  0%| F|  |TAMS 0x0000000756f00000, 0x0000000756f00000| Untracked 
|  94|0x0000000757000000, 0x0000000757000000, 0x0000000757100000|  0%| F|  |TAMS 0x0000000757000000, 0x0000000757000000| Untracked 
|  95|0x0000000757100000, 0x0000000757100000, 0x0000000757200000|  0%| F|  |TAMS 0x0000000757100000, 0x0000000757100000| Untracked 
|  96|0x0000000757200000, 0x0000000757200000, 0x0000000757300000|  0%| F|  |TAMS 0x0000000757200000, 0x0000000757200000| Untracked 
|  97|0x0000000757300000, 0x0000000757300000, 0x0000000757400000|  0%| F|  |TAMS 0x0000000757300000, 0x0000000757300000| Untracked 
|  98|0x0000000757400000, 0x0000000757400000, 0x0000000757500000|  0%| F|  |TAMS 0x0000000757400000, 0x0000000757400000| Untracked 
|  99|0x0000000757500000, 0x0000000757500000, 0x0000000757600000|  0%| F|  |TAMS 0x0000000757500000, 0x0000000757500000| Untracked 
| 100|0x0000000757600000, 0x0000000757600000, 0x0000000757700000|  0%| F|  |TAMS 0x0000000757600000, 0x0000000757600000| Untracked 
| 101|0x0000000757700000, 0x0000000757700000, 0x0000000757800000|  0%| F|  |TAMS 0x0000000757700000, 0x0000000757700000| Untracked 
| 102|0x0000000757800000, 0x0000000757800000, 0x0000000757900000|  0%| F|  |TAMS 0x0000000757800000, 0x0000000757800000| Untracked 
| 103|0x0000000757900000, 0x0000000757900000, 0x0000000757a00000|  0%| F|  |TAMS 0x0000000757900000, 0x0000000757900000| Untracked 
| 104|0x0000000757a00000, 0x0000000757a00000, 0x0000000757b00000|  0%| F|  |TAMS 0x0000000757a00000, 0x0000000757a00000| Untracked 
| 105|0x0000000757b00000, 0x0000000757b00000, 0x0000000757c00000|  0%| F|  |TAMS 0x0000000757b00000, 0x0000000757b00000| Untracked 
| 106|0x0000000757c00000, 0x0000000757c00000, 0x0000000757d00000|  0%| F|  |TAMS 0x0000000757c00000, 0x0000000757c00000| Untracked 
| 107|0x0000000757d00000, 0x0000000757d00000, 0x0000000757e00000|  0%| F|  |TAMS 0x0000000757d00000, 0x0000000757d00000| Untracked 
| 108|0x0000000757e00000, 0x0000000757e80000, 0x0000000757f00000| 50%| S|CS|TAMS 0x0000000757e00000, 0x0000000757e00000| Complete 
| 109|0x0000000757f00000, 0x0000000758000000, 0x0000000758000000|100%| S|CS|TAMS 0x0000000757f00000, 0x0000000757f00000| Complete 
| 110|0x0000000758000000, 0x0000000758100000, 0x0000000758100000|100%| S|CS|TAMS 0x0000000758000000, 0x0000000758000000| Complete 
| 111|0x0000000758100000, 0x0000000758100000, 0x0000000758200000|  0%| F|  |TAMS 0x0000000758100000, 0x0000000758100000| Untracked 
| 112|0x0000000758200000, 0x0000000758200000, 0x0000000758300000|  0%| F|  |TAMS 0x0000000758200000, 0x0000000758200000| Untracked 
| 113|0x0000000758300000, 0x0000000758300000, 0x0000000758400000|  0%| F|  |TAMS 0x0000000758300000, 0x0000000758300000| Untracked 
| 114|0x0000000758400000, 0x0000000758400000, 0x0000000758500000|  0%| F|  |TAMS 0x0000000758400000, 0x0000000758400000| Untracked 
| 115|0x0000000758500000, 0x0000000758500000, 0x0000000758600000|  0%| F|  |TAMS 0x0000000758500000, 0x0000000758500000| Untracked 
| 116|0x0000000758600000, 0x0000000758600000, 0x0000000758700000|  0%| F|  |TAMS 0x0000000758600000, 0x0000000758600000| Untracked 
| 117|0x0000000758700000, 0x0000000758700000, 0x0000000758800000|  0%| F|  |TAMS 0x0000000758700000, 0x0000000758700000| Untracked 
| 118|0x0000000758800000, 0x0000000758800000, 0x0000000758900000|  0%| F|  |TAMS 0x0000000758800000, 0x0000000758800000| Untracked 
| 119|0x0000000758900000, 0x0000000758900000, 0x0000000758a00000|  0%| F|  |TAMS 0x0000000758900000, 0x0000000758900000| Untracked 
| 120|0x0000000758a00000, 0x0000000758a00000, 0x0000000758b00000|  0%| F|  |TAMS 0x0000000758a00000, 0x0000000758a00000| Untracked 
| 121|0x0000000758b00000, 0x0000000758b00000, 0x0000000758c00000|  0%| F|  |TAMS 0x0000000758b00000, 0x0000000758b00000| Untracked 
| 122|0x0000000758c00000, 0x0000000758c00000, 0x0000000758d00000|  0%| F|  |TAMS 0x0000000758c00000, 0x0000000758c00000| Untracked 
| 123|0x0000000758d00000, 0x0000000758e00000, 0x0000000758e00000|100%| S|CS|TAMS 0x0000000758d00000, 0x0000000758d00000| Complete 
| 124|0x0000000758e00000, 0x0000000758f00000, 0x0000000758f00000|100%| S|CS|TAMS 0x0000000758e00000, 0x0000000758e00000| Complete 
| 125|0x0000000758f00000, 0x0000000759000000, 0x0000000759000000|100%| S|CS|TAMS 0x0000000758f00000, 0x0000000758f00000| Complete 
| 126|0x0000000759000000, 0x0000000759100000, 0x0000000759100000|100%| S|CS|TAMS 0x0000000759000000, 0x0000000759000000| Complete 
| 127|0x0000000759100000, 0x0000000759200000, 0x0000000759200000|100%| S|CS|TAMS 0x0000000759100000, 0x0000000759100000| Complete 
| 128|0x0000000759200000, 0x0000000759300000, 0x0000000759300000|100%| S|CS|TAMS 0x0000000759200000, 0x0000000759200000| Complete 
| 129|0x0000000759300000, 0x0000000759400000, 0x0000000759400000|100%| S|CS|TAMS 0x0000000759300000, 0x0000000759300000| Complete 
| 130|0x0000000759400000, 0x0000000759500000, 0x0000000759500000|100%| S|CS|TAMS 0x0000000759400000, 0x0000000759400000| Complete 
| 131|0x0000000759500000, 0x0000000759600000, 0x0000000759600000|100%| S|CS|TAMS 0x0000000759500000, 0x0000000759500000| Complete 
| 132|0x0000000759600000, 0x0000000759600000, 0x0000000759700000|  0%| F|  |TAMS 0x0000000759600000, 0x0000000759600000| Untracked 
| 133|0x0000000759700000, 0x0000000759700000, 0x0000000759800000|  0%| F|  |TAMS 0x0000000759700000, 0x0000000759700000| Untracked 
| 134|0x0000000759800000, 0x0000000759800000, 0x0000000759900000|  0%| F|  |TAMS 0x0000000759800000, 0x0000000759800000| Untracked 
| 135|0x0000000759900000, 0x0000000759900000, 0x0000000759a00000|  0%| F|  |TAMS 0x0000000759900000, 0x0000000759900000| Untracked 
| 136|0x0000000759a00000, 0x0000000759a00000, 0x0000000759b00000|  0%| F|  |TAMS 0x0000000759a00000, 0x0000000759a00000| Untracked 
| 137|0x0000000759b00000, 0x0000000759b00000, 0x0000000759c00000|  0%| F|  |TAMS 0x0000000759b00000, 0x0000000759b00000| Untracked 
| 138|0x0000000759c00000, 0x0000000759c00000, 0x0000000759d00000|  0%| F|  |TAMS 0x0000000759c00000, 0x0000000759c00000| Untracked 
| 139|0x0000000759d00000, 0x0000000759d00000, 0x0000000759e00000|  0%| F|  |TAMS 0x0000000759d00000, 0x0000000759d00000| Untracked 
| 140|0x0000000759e00000, 0x0000000759e00000, 0x0000000759f00000|  0%| F|  |TAMS 0x0000000759e00000, 0x0000000759e00000| Untracked 
| 141|0x0000000759f00000, 0x0000000759f00000, 0x000000075a000000|  0%| F|  |TAMS 0x0000000759f00000, 0x0000000759f00000| Untracked 
| 142|0x000000075a000000, 0x000000075a000000, 0x000000075a100000|  0%| F|  |TAMS 0x000000075a000000, 0x000000075a000000| Untracked 
| 143|0x000000075a100000, 0x000000075a100000, 0x000000075a200000|  0%| F|  |TAMS 0x000000075a100000, 0x000000075a100000| Untracked 
| 144|0x000000075a200000, 0x000000075a200000, 0x000000075a300000|  0%| F|  |TAMS 0x000000075a200000, 0x000000075a200000| Untracked 
| 145|0x000000075a300000, 0x000000075a300000, 0x000000075a400000|  0%| F|  |TAMS 0x000000075a300000, 0x000000075a300000| Untracked 
| 146|0x000000075a400000, 0x000000075a400000, 0x000000075a500000|  0%| F|  |TAMS 0x000000075a400000, 0x000000075a400000| Untracked 
| 147|0x000000075a500000, 0x000000075a500000, 0x000000075a600000|  0%| F|  |TAMS 0x000000075a500000, 0x000000075a500000| Untracked 
| 148|0x000000075a600000, 0x000000075a600000, 0x000000075a700000|  0%| F|  |TAMS 0x000000075a600000, 0x000000075a600000| Untracked 
| 149|0x000000075a700000, 0x000000075a700000, 0x000000075a800000|  0%| F|  |TAMS 0x000000075a700000, 0x000000075a700000| Untracked 
| 150|0x000000075a800000, 0x000000075a800000, 0x000000075a900000|  0%| F|  |TAMS 0x000000075a800000, 0x000000075a800000| Untracked 
| 151|0x000000075a900000, 0x000000075a900000, 0x000000075aa00000|  0%| F|  |TAMS 0x000000075a900000, 0x000000075a900000| Untracked 
| 152|0x000000075aa00000, 0x000000075aa00000, 0x000000075ab00000|  0%| F|  |TAMS 0x000000075aa00000, 0x000000075aa00000| Untracked 
| 153|0x000000075ab00000, 0x000000075ab00000, 0x000000075ac00000|  0%| F|  |TAMS 0x000000075ab00000, 0x000000075ab00000| Untracked 
| 154|0x000000075ac00000, 0x000000075ac00000, 0x000000075ad00000|  0%| F|  |TAMS 0x000000075ac00000, 0x000000075ac00000| Untracked 
| 155|0x000000075ad00000, 0x000000075ad00000, 0x000000075ae00000|  0%| F|  |TAMS 0x000000075ad00000, 0x000000075ad00000| Untracked 
| 156|0x000000075ae00000, 0x000000075ae00000, 0x000000075af00000|  0%| F|  |TAMS 0x000000075ae00000, 0x000000075ae00000| Untracked 
| 157|0x000000075af00000, 0x000000075af00000, 0x000000075b000000|  0%| F|  |TAMS 0x000000075af00000, 0x000000075af00000| Untracked 
| 158|0x000000075b000000, 0x000000075b000000, 0x000000075b100000|  0%| F|  |TAMS 0x000000075b000000, 0x000000075b000000| Untracked 
| 159|0x000000075b100000, 0x000000075b100000, 0x000000075b200000|  0%| F|  |TAMS 0x000000075b100000, 0x000000075b100000| Untracked 
| 160|0x000000075b200000, 0x000000075b200000, 0x000000075b300000|  0%| F|  |TAMS 0x000000075b200000, 0x000000075b200000| Untracked 
| 161|0x000000075b300000, 0x000000075b300000, 0x000000075b400000|  0%| F|  |TAMS 0x000000075b300000, 0x000000075b300000| Untracked 
| 162|0x000000075b400000, 0x000000075b400000, 0x000000075b500000|  0%| F|  |TAMS 0x000000075b400000, 0x000000075b400000| Untracked 
| 163|0x000000075b500000, 0x000000075b500000, 0x000000075b600000|  0%| F|  |TAMS 0x000000075b500000, 0x000000075b500000| Untracked 
| 164|0x000000075b600000, 0x000000075b600000, 0x000000075b700000|  0%| F|  |TAMS 0x000000075b600000, 0x000000075b600000| Untracked 
| 165|0x000000075b700000, 0x000000075b700000, 0x000000075b800000|  0%| F|  |TAMS 0x000000075b700000, 0x000000075b700000| Untracked 
| 166|0x000000075b800000, 0x000000075b800000, 0x000000075b900000|  0%| F|  |TAMS 0x000000075b800000, 0x000000075b800000| Untracked 
| 167|0x000000075b900000, 0x000000075b900000, 0x000000075ba00000|  0%| F|  |TAMS 0x000000075b900000, 0x000000075b900000| Untracked 
| 168|0x000000075ba00000, 0x000000075ba00000, 0x000000075bb00000|  0%| F|  |TAMS 0x000000075ba00000, 0x000000075ba00000| Untracked 
| 169|0x000000075bb00000, 0x000000075bb00000, 0x000000075bc00000|  0%| F|  |TAMS 0x000000075bb00000, 0x000000075bb00000| Untracked 
| 170|0x000000075bc00000, 0x000000075bc00000, 0x000000075bd00000|  0%| F|  |TAMS 0x000000075bc00000, 0x000000075bc00000| Untracked 
| 171|0x000000075bd00000, 0x000000075bd00000, 0x000000075be00000|  0%| F|  |TAMS 0x000000075bd00000, 0x000000075bd00000| Untracked 
| 172|0x000000075be00000, 0x000000075be00000, 0x000000075bf00000|  0%| F|  |TAMS 0x000000075be00000, 0x000000075be00000| Untracked 
| 173|0x000000075bf00000, 0x000000075bf00000, 0x000000075c000000|  0%| F|  |TAMS 0x000000075bf00000, 0x000000075bf00000| Untracked 
| 174|0x000000075c000000, 0x000000075c000000, 0x000000075c100000|  0%| F|  |TAMS 0x000000075c000000, 0x000000075c000000| Untracked 
| 175|0x000000075c100000, 0x000000075c100000, 0x000000075c200000|  0%| F|  |TAMS 0x000000075c100000, 0x000000075c100000| Untracked 
| 176|0x000000075c200000, 0x000000075c200000, 0x000000075c300000|  0%| F|  |TAMS 0x000000075c200000, 0x000000075c200000| Untracked 
| 177|0x000000075c300000, 0x000000075c300000, 0x000000075c400000|  0%| F|  |TAMS 0x000000075c300000, 0x000000075c300000| Untracked 
| 178|0x000000075c400000, 0x000000075c400000, 0x000000075c500000|  0%| F|  |TAMS 0x000000075c400000, 0x000000075c400000| Untracked 
| 179|0x000000075c500000, 0x000000075c500000, 0x000000075c600000|  0%| F|  |TAMS 0x000000075c500000, 0x000000075c500000| Untracked 
| 180|0x000000075c600000, 0x000000075c600000, 0x000000075c700000|  0%| F|  |TAMS 0x000000075c600000, 0x000000075c600000| Untracked 
| 181|0x000000075c700000, 0x000000075c700000, 0x000000075c800000|  0%| F|  |TAMS 0x000000075c700000, 0x000000075c700000| Untracked 
| 182|0x000000075c800000, 0x000000075c800000, 0x000000075c900000|  0%| F|  |TAMS 0x000000075c800000, 0x000000075c800000| Untracked 
| 183|0x000000075c900000, 0x000000075c900000, 0x000000075ca00000|  0%| F|  |TAMS 0x000000075c900000, 0x000000075c900000| Untracked 
| 184|0x000000075ca00000, 0x000000075ca00000, 0x000000075cb00000|  0%| F|  |TAMS 0x000000075ca00000, 0x000000075ca00000| Untracked 
| 185|0x000000075cb00000, 0x000000075cb00000, 0x000000075cc00000|  0%| F|  |TAMS 0x000000075cb00000, 0x000000075cb00000| Untracked 
| 186|0x000000075cc00000, 0x000000075cc00000, 0x000000075cd00000|  0%| F|  |TAMS 0x000000075cc00000, 0x000000075cc00000| Untracked 
| 187|0x000000075cd00000, 0x000000075cd00000, 0x000000075ce00000|  0%| F|  |TAMS 0x000000075cd00000, 0x000000075cd00000| Untracked 
| 188|0x000000075ce00000, 0x000000075ce00000, 0x000000075cf00000|  0%| F|  |TAMS 0x000000075ce00000, 0x000000075ce00000| Untracked 
| 189|0x000000075cf00000, 0x000000075cf00000, 0x000000075d000000|  0%| F|  |TAMS 0x000000075cf00000, 0x000000075cf00000| Untracked 
| 190|0x000000075d000000, 0x000000075d000000, 0x000000075d100000|  0%| F|  |TAMS 0x000000075d000000, 0x000000075d000000| Untracked 
| 191|0x000000075d100000, 0x000000075d100000, 0x000000075d200000|  0%| F|  |TAMS 0x000000075d100000, 0x000000075d100000| Untracked 
| 192|0x000000075d200000, 0x000000075d200000, 0x000000075d300000|  0%| F|  |TAMS 0x000000075d200000, 0x000000075d200000| Untracked 
| 193|0x000000075d300000, 0x000000075d300000, 0x000000075d400000|  0%| F|  |TAMS 0x000000075d300000, 0x000000075d300000| Untracked 
| 194|0x000000075d400000, 0x000000075d400000, 0x000000075d500000|  0%| F|  |TAMS 0x000000075d400000, 0x000000075d400000| Untracked 
| 195|0x000000075d500000, 0x000000075d500000, 0x000000075d600000|  0%| F|  |TAMS 0x000000075d500000, 0x000000075d500000| Untracked 
| 196|0x000000075d600000, 0x000000075d600000, 0x000000075d700000|  0%| F|  |TAMS 0x000000075d600000, 0x000000075d600000| Untracked 
| 197|0x000000075d700000, 0x000000075d700000, 0x000000075d800000|  0%| F|  |TAMS 0x000000075d700000, 0x000000075d700000| Untracked 
| 198|0x000000075d800000, 0x000000075d800000, 0x000000075d900000|  0%| F|  |TAMS 0x000000075d800000, 0x000000075d800000| Untracked 
| 199|0x000000075d900000, 0x000000075d900000, 0x000000075da00000|  0%| F|  |TAMS 0x000000075d900000, 0x000000075d900000| Untracked 
| 200|0x000000075da00000, 0x000000075da00000, 0x000000075db00000|  0%| F|  |TAMS 0x000000075da00000, 0x000000075da00000| Untracked 
| 201|0x000000075db00000, 0x000000075db00000, 0x000000075dc00000|  0%| F|  |TAMS 0x000000075db00000, 0x000000075db00000| Untracked 
| 202|0x000000075dc00000, 0x000000075dc00000, 0x000000075dd00000|  0%| F|  |TAMS 0x000000075dc00000, 0x000000075dc00000| Untracked 
| 203|0x000000075dd00000, 0x000000075dd00000, 0x000000075de00000|  0%| F|  |TAMS 0x000000075dd00000, 0x000000075dd00000| Untracked 
| 204|0x000000075de00000, 0x000000075de00000, 0x000000075df00000|  0%| F|  |TAMS 0x000000075de00000, 0x000000075de00000| Untracked 
| 205|0x000000075df00000, 0x000000075df00000, 0x000000075e000000|  0%| F|  |TAMS 0x000000075df00000, 0x000000075df00000| Untracked 
| 206|0x000000075e000000, 0x000000075e000000, 0x000000075e100000|  0%| F|  |TAMS 0x000000075e000000, 0x000000075e000000| Untracked 
| 207|0x000000075e100000, 0x000000075e100000, 0x000000075e200000|  0%| F|  |TAMS 0x000000075e100000, 0x000000075e100000| Untracked 
| 208|0x000000075e200000, 0x000000075e200000, 0x000000075e300000|  0%| F|  |TAMS 0x000000075e200000, 0x000000075e200000| Untracked 
| 209|0x000000075e300000, 0x000000075e300000, 0x000000075e400000|  0%| F|  |TAMS 0x000000075e300000, 0x000000075e300000| Untracked 
| 210|0x000000075e400000, 0x000000075e400000, 0x000000075e500000|  0%| F|  |TAMS 0x000000075e400000, 0x000000075e400000| Untracked 
| 211|0x000000075e500000, 0x000000075e500000, 0x000000075e600000|  0%| F|  |TAMS 0x000000075e500000, 0x000000075e500000| Untracked 

Card table byte_map: [0x000002acdc730000,0x000002acdccb0000] _byte_map_base: 0x000002acd8ca7000

Marking Bits (Prev, Next): (CMBitMap*) 0x000002acc5b178a0, (CMBitMap*) 0x000002acc5b17868
 Prev Bits: [0x000002acdfdf0000, 0x000002ace29a8000)
 Next Bits: [0x000002acdd230000, 0x000002acdfde8000)

Polling page: 0x000002acc3af0000

Metaspace:

Usage:
  Non-class:     61.98 MB capacity,    61.43 MB (>99%) used,   434.38 KB ( <1%) free+waste,   123.94 KB ( <1%) overhead. 
      Class:      8.04 MB capacity,     7.70 MB ( 96%) used,   302.11 KB (  4%) free+waste,    54.00 KB ( <1%) overhead. 
       Both:     70.02 MB capacity,    69.13 MB ( 99%) used,   736.48 KB (  1%) free+waste,   177.94 KB ( <1%) overhead. 

Virtual space:
  Non-class space:       64.00 MB reserved,      62.08 MB ( 97%) committed 
      Class space:        1.00 GB reserved,       8.12 MB ( <1%) committed 
             Both:        1.06 GB reserved,      70.20 MB (  6%) committed 

Chunk freelists:
   Non-Class:  4.62 KB
       Class:  2.25 KB
        Both:  6.88 KB

CodeHeap 'non-profiled nmethods': size=120064Kb used=6149Kb max_used=6149Kb free=113914Kb
 bounds [0x000002acd4c70000, 0x000002acd5280000, 0x000002acdc1b0000]
CodeHeap 'profiled nmethods': size=120000Kb used=35533Kb max_used=35533Kb free=84466Kb
 bounds [0x000002accd740000, 0x000002accfa00000, 0x000002acd4c70000]
CodeHeap 'non-nmethods': size=5696Kb used=1248Kb max_used=1316Kb free=4447Kb
 bounds [0x000002accd1b0000, 0x000002accd420000, 0x000002accd740000]
 total_blobs=12172 nmethods=11573 adapters=509
 compilation: enabled
              stopped_count=0, restarted_count=0
 full_count=0

Compilation events (10 events):
Event: 37.415 Thread 0x000002ace56f4000 11726       3       org.jetbrains.kotlin.types.expressions.ExpressionTypingContext::newContext (90 bytes)
Event: 37.417 Thread 0x000002ace56f4000 nmethod 11726 0x000002accf9f1990 code [0x000002accf9f1ba0, 0x000002accf9f2088]
Event: 37.417 Thread 0x000002ace8968800 nmethod 11679 0x000002acd5270d10 code [0x000002acd5270ea0, 0x000002acd52710d8]
Event: 37.418 Thread 0x000002ace8968800 11624       4       org.jetbrains.kotlin.resolve.calls.tower.TowerResolver$Task$localLevels$2$1::invoke (9 bytes)
Event: 37.423 Thread 0x000002ace8968800 nmethod 11624 0x000002acd5271210 code [0x000002acd52713a0, 0x000002acd5271598]
Event: 37.423 Thread 0x000002ace8968800 11727       4       org.jetbrains.kotlin.utils.SmartSet::add (216 bytes)
Event: 37.453 Thread 0x000002ace56f4000 11731       3       org.jetbrains.kotlin.builtins.FunctionTypesKt::isBuiltinExtensionFunctionalType (26 bytes)
Event: 37.455 Thread 0x000002ace56f4000 nmethod 11731 0x000002accf9f2210 code [0x000002accf9f2480, 0x000002accf9f2e38]
Event: 37.465 Thread 0x000002ace56f4000 11733       3       org.jetbrains.kotlin.resolve.calls.components.ClassicTypeSystemContextForCS::asArgumentList (6 bytes)
Event: 37.465 Thread 0x000002ace56f4000 nmethod 11733 0x000002accf9f3190 code [0x000002accf9f3340, 0x000002accf9f3468]

GC Heap History (10 events):
Event: 9.612 GC heap after
{Heap after GC invocations=7 (full 0):
 garbage-first heap   total 180224K, used 29913K [0x0000000751200000, 0x0000000800000000)
  region size 1024K, 8 young (8192K), 8 survivors (8192K)
 Metaspace       used 46388K, capacity 46965K, committed 47056K, reserved 1091584K
  class space    used 5501K, capacity 5749K, committed 5760K, reserved 1048576K
}
Event: 14.486 GC heap before
{Heap before GC invocations=8 (full 0):
 garbage-first heap   total 180224K, used 100569K [0x0000000751200000, 0x0000000800000000)
  region size 1024K, 74 young (75776K), 8 survivors (8192K)
 Metaspace       used 55151K, capacity 55824K, committed 56016K, reserved 1099776K
  class space    used 6436K, capacity 6701K, committed 6784K, reserved 1048576K
}
Event: 14.515 GC heap after
{Heap after GC invocations=9 (full 0):
 garbage-first heap   total 217088K, used 39832K [0x0000000751200000, 0x0000000800000000)
  region size 1024K, 8 young (8192K), 8 survivors (8192K)
 Metaspace       used 55151K, capacity 55824K, committed 56016K, reserved 1099776K
  class space    used 6436K, capacity 6701K, committed 6784K, reserved 1048576K
}
Event: 20.793 GC heap before
{Heap before GC invocations=9 (full 0):
 garbage-first heap   total 217088K, used 135064K [0x0000000751200000, 0x0000000800000000)
  region size 1024K, 101 young (103424K), 8 survivors (8192K)
 Metaspace       used 60148K, capacity 60884K, committed 61136K, reserved 1103872K
  class space    used 6901K, capacity 7209K, committed 7296K, reserved 1048576K
}
Event: 20.847 GC heap after
{Heap after GC invocations=10 (full 0):
 garbage-first heap   total 217088K, used 55873K [0x0000000751200000, 0x0000000800000000)
  region size 1024K, 13 young (13312K), 13 survivors (13312K)
 Metaspace       used 60148K, capacity 60884K, committed 61136K, reserved 1103872K
  class space    used 6901K, capacity 7209K, committed 7296K, reserved 1048576K
}
Event: 22.822 GC heap before
{Heap before GC invocations=10 (full 0):
 garbage-first heap   total 217088K, used 130625K [0x0000000751200000, 0x0000000800000000)
  region size 1024K, 86 young (88064K), 13 survivors (13312K)
 Metaspace       used 60417K, capacity 61152K, committed 61392K, reserved 1103872K
  class space    used 6919K, capacity 7213K, committed 7296K, reserved 1048576K
}
Event: 22.877 GC heap after
{Heap after GC invocations=11 (full 0):
 garbage-first heap   total 217088K, used 63488K [0x0000000751200000, 0x0000000800000000)
  region size 1024K, 7 young (7168K), 7 survivors (7168K)
 Metaspace       used 60417K, capacity 61152K, committed 61392K, reserved 1103872K
  class space    used 6919K, capacity 7213K, committed 7296K, reserved 1048576K
}
Event: 30.728 GC heap before
{Heap before GC invocations=11 (full 0):
 garbage-first heap   total 217088K, used 147456K [0x0000000751200000, 0x0000000800000000)
  region size 1024K, 89 young (91136K), 7 survivors (7168K)
 Metaspace       used 69046K, capacity 69949K, committed 70096K, reserved 1112064K
  class space    used 7828K, capacity 8198K, committed 8320K, reserved 1048576K
}
Event: 30.766 GC heap after
{Heap after GC invocations=12 (full 0):
 garbage-first heap   total 217088K, used 73728K [0x0000000751200000, 0x0000000800000000)
  region size 1024K, 12 young (12288K), 12 survivors (12288K)
 Metaspace       used 69046K, capacity 69949K, committed 70096K, reserved 1112064K
  class space    used 7828K, capacity 8198K, committed 8320K, reserved 1048576K
}
Event: 37.470 GC heap before
{Heap before GC invocations=12 (full 0):
 garbage-first heap   total 217088K, used 156672K [0x0000000751200000, 0x0000000800000000)
  region size 1024K, 92 young (94208K), 12 survivors (12288K)
 Metaspace       used 70790K, capacity 71705K, committed 71888K, reserved 1114112K
  class space    used 7881K, capacity 8238K, committed 8320K, reserved 1048576K
}

Deoptimization events (10 events):
Event: 35.536 Thread 0x000002acc5acc000 Uncommon trap: reason=unstable_if action=reinterpret pc=0x000002acd5003490 method=org.jetbrains.kotlin.descriptors.impl.FunctionDescriptorImpl.setOverriddenDescriptors(Ljava/util/Collection;)V @ 49 c2
Event: 36.526 Thread 0x000002acc5acc000 Uncommon trap: reason=speculate_class_check action=maybe_recompile pc=0x000002acd52516dc method=org.jetbrains.kotlin.types.TypeWithEnhancementKt.getEnhancement(Lorg/jetbrains/kotlin/types/KotlinType;)Lorg/jetbrains/kotlin/types/KotlinType; @ 7 c2
Event: 36.527 Thread 0x000002acc5acc000 Uncommon trap: reason=speculate_class_check action=maybe_recompile pc=0x000002acd52516dc method=org.jetbrains.kotlin.types.TypeWithEnhancementKt.getEnhancement(Lorg/jetbrains/kotlin/types/KotlinType;)Lorg/jetbrains/kotlin/types/KotlinType; @ 7 c2
Event: 36.527 Thread 0x000002acc5acc000 Uncommon trap: reason=speculate_class_check action=maybe_recompile pc=0x000002acd52516dc method=org.jetbrains.kotlin.types.TypeWithEnhancementKt.getEnhancement(Lorg/jetbrains/kotlin/types/KotlinType;)Lorg/jetbrains/kotlin/types/KotlinType; @ 7 c2
Event: 36.527 Thread 0x000002acc5acc000 Uncommon trap: reason=speculate_class_check action=maybe_recompile pc=0x000002acd52516dc method=org.jetbrains.kotlin.types.TypeWithEnhancementKt.getEnhancement(Lorg/jetbrains/kotlin/types/KotlinType;)Lorg/jetbrains/kotlin/types/KotlinType; @ 7 c2
Event: 36.746 Thread 0x000002acc5acc000 Uncommon trap: reason=class_check action=maybe_recompile pc=0x000002acd4cb6c84 method=java.util.concurrent.ConcurrentHashMap.putVal(Ljava/lang/Object;Ljava/lang/Object;Z)Ljava/lang/Object; @ 242 c2
Event: 36.746 Thread 0x000002acc5acc000 Uncommon trap: reason=class_check action=maybe_recompile pc=0x000002acd4cb6c84 method=java.util.concurrent.ConcurrentHashMap.putVal(Ljava/lang/Object;Ljava/lang/Object;Z)Ljava/lang/Object; @ 242 c2
Event: 36.747 Thread 0x000002acc5acc000 Uncommon trap: reason=class_check action=maybe_recompile pc=0x000002acd4cb6c84 method=java.util.concurrent.ConcurrentHashMap.putVal(Ljava/lang/Object;Ljava/lang/Object;Z)Ljava/lang/Object; @ 242 c2
Event: 36.748 Thread 0x000002acc5acc000 Uncommon trap: reason=class_check action=maybe_recompile pc=0x000002acd4cb6c84 method=java.util.concurrent.ConcurrentHashMap.putVal(Ljava/lang/Object;Ljava/lang/Object;Z)Ljava/lang/Object; @ 242 c2
Event: 36.973 Thread 0x000002acc5acc000 Uncommon trap: reason=null_check action=make_not_entrant pc=0x000002acd5256b4c method=org.jetbrains.kotlin.resolve.calls.model.SimpleCandidateFactory.createReceiverArgument(Lorg/jetbrains/kotlin/resolve/calls/model/ReceiverKotlinCallArgument;Lorg/jetbrain

Classes redefined (0 events):
No events

Internal exceptions (10 events):
Event: 23.125 Thread 0x000002acc5acc000 Exception <a 'java/lang/NoSuchMethodError'{0x000000075df52ab8}: java.lang.invoke.DirectMethodHandle$Holder.invokeVirtual(Ljava/lang/Object;Ljava/lang/Object;Ljava/lang/Object;)I> (0x000000075df52ab8) thrown at [./open/src/hotspot/share/interpreter/linkRes
Event: 23.377 Thread 0x000002acc5acc000 Exception <a 'java/lang/NoSuchMethodError'{0x000000075dc11b28}: java.lang.invoke.DirectMethodHandle$Holder.invokeInterface(Ljava/lang/Object;Ljava/lang/Object;)V> (0x000000075dc11b28) thrown at [./open/src/hotspot/share/interpreter/linkResolver.cpp, line 
Event: 23.492 Thread 0x000002acc5acc000 Exception <a 'java/lang/IncompatibleClassChangeError'{0x000000075db1e940}: Found class java.lang.Object, but interface was expected> (0x000000075db1e940) thrown at [./open/src/hotspot/share/interpreter/linkResolver.cpp, line 838]
Event: 23.884 Thread 0x000002acc5acc000 Implicit null exception at 0x000002acd4cc71d5 to 0x000002acd4cc73b4
Event: 24.014 Thread 0x000002acc5acc000 Implicit null exception at 0x000002acd4cc8dbe to 0x000002acd4cc959e
Event: 24.290 Thread 0x000002acc5acc000 Exception <a 'java/lang/NoSuchMethodError'{0x000000075d263420}: java.lang.invoke.Invokers$Holder.linkToTargetMethod(Ljava/lang/Object;Ljava/lang/Object;Ljava/lang/Object;Ljava/lang/Object;Ljava/lang/Object;Ljava/lang/Object;Ljava/lang/Object;)Ljava/lang/O
Event: 24.569 Thread 0x000002acc5acc000 Implicit null exception at 0x000002acd4c8ad57 to 0x000002acd4c8b214
Event: 24.605 Thread 0x000002acc5acc000 Exception <a 'java/lang/NoSuchMethodError'{0x000000075cdc4e00}: java.lang.invoke.DirectMethodHandle$Holder.invokeInterface(Ljava/lang/Object;Ljava/lang/Object;Ljava/lang/Object;)Ljava/lang/Object;> (0x000000075cdc4e00) thrown at [./open/src/hotspot/share/
Event: 24.606 Thread 0x000002acc5acc000 Exception <a 'java/lang/IncompatibleClassChangeError'{0x000000075cdc8030}: Found class java.lang.Object, but interface was expected> (0x000000075cdc8030) thrown at [./open/src/hotspot/share/interpreter/linkResolver.cpp, line 838]
Event: 24.626 Thread 0x000002acc5acc000 Implicit null exception at 0x000002acd4c8db54 to 0x000002acd4c8e02c

Events (10 events):
Event: 36.865 loading class org/jetbrains/kotlin/resolve/calls/inference/model/NewConstraintSystemImpl$removePostponedTypeVariablesFromConstraints$1
Event: 36.865 loading class org/jetbrains/kotlin/resolve/calls/inference/model/NewConstraintSystemImpl$removePostponedTypeVariablesFromConstraints$1 done
Event: 36.866 loading class org/jetbrains/kotlin/resolve/calls/inference/model/NewConstraintSystemImpl$removePostponedTypeVariablesFromConstraints$1$1
Event: 36.866 loading class org/jetbrains/kotlin/resolve/calls/inference/model/NewConstraintSystemImpl$removePostponedTypeVariablesFromConstraints$1$1 done
Event: 36.973 Thread 0x000002acc5acc000 Uncommon trap: trap_request=0xfffffff4 fr.pc=0x000002acd5256b4c relative=0x000000000000170c
Event: 36.973 Thread 0x000002acc5acc000 DEOPT PACKING pc=0x000002acd5256b4c sp=0x000000f1a05f5e50
Event: 36.973 Thread 0x000002acc5acc000 DEOPT UNPACKING pc=0x000002accd1d682f sp=0x000000f1a05f5d00 mode 2
Event: 37.132 loading class org/jetbrains/kotlin/resolve/calls/model/NameNotFound
Event: 37.132 loading class org/jetbrains/kotlin/resolve/calls/model/NameNotFound done
Event: 37.470 Executing VM operation: G1CollectForAllocation


Dynamic libraries:
0x00007ff78f160000 - 0x00007ff78f170000 	C:\Program Files\Java\jdk-11\bin\java.exe
0x00007ff8b0bf0000 - 0x00007ff8b0de5000 	C:\Windows\SYSTEM32\ntdll.dll
0x00007ff8aef50000 - 0x00007ff8af00e000 	C:\Windows\System32\KERNEL32.DLL
0x00007ff8ae400000 - 0x00007ff8ae6c9000 	C:\Windows\System32\KERNELBASE.dll
0x00007ff8ae6d0000 - 0x00007ff8ae7d0000 	C:\Windows\System32\ucrtbase.dll
0x00007ff8805d0000 - 0x00007ff8805eb000 	C:\Program Files\Java\jdk-11\bin\VCRUNTIME140.dll
0x00007ff8961f0000 - 0x00007ff896208000 	C:\Program Files\Java\jdk-11\bin\jli.dll
0x00007ff8b0700000 - 0x00007ff8b07ac000 	C:\Windows\System32\ADVAPI32.dll
0x00007ff8af080000 - 0x00007ff8af11e000 	C:\Windows\System32\msvcrt.dll
0x00007ff8afa80000 - 0x00007ff8afb1b000 	C:\Windows\System32\sechost.dll
0x00007ff8afe90000 - 0x00007ff8affba000 	C:\Windows\System32\RPCRT4.dll
0x00007ff8aed70000 - 0x00007ff8aef11000 	C:\Windows\System32\USER32.dll
0x00007ff8ae830000 - 0x00007ff8ae852000 	C:\Windows\System32\win32u.dll
0x00007ff89f9c0000 - 0x00007ff89fc5a000 	C:\Windows\WinSxS\amd64_microsoft.windows.common-controls_6595b64144ccf1df_6.0.19041.1110_none_60b5254171f9507e\COMCTL32.dll
0x00007ff8af5a0000 - 0x00007ff8af5cb000 	C:\Windows\System32\GDI32.dll
0x00007ff8aeaa0000 - 0x00007ff8aebab000 	C:\Windows\System32\gdi32full.dll
0x00007ff8ae360000 - 0x00007ff8ae3fd000 	C:\Windows\System32\msvcp_win.dll
0x00007ff8a5030000 - 0x00007ff8a503a000 	C:\Windows\SYSTEM32\VERSION.dll
0x00007ff8aef20000 - 0x00007ff8aef50000 	C:\Windows\System32\IMM32.DLL
0x00007ff8a7ae0000 - 0x00007ff8a7aec000 	C:\Program Files\Java\jdk-11\bin\vcruntime140_1.dll
0x00007ff87b530000 - 0x00007ff87b5be000 	C:\Program Files\Java\jdk-11\bin\msvcp140.dll
0x00007ff879fd0000 - 0x00007ff87ab38000 	C:\Program Files\Java\jdk-11\bin\server\jvm.dll
0x00007ff8af070000 - 0x00007ff8af078000 	C:\Windows\System32\PSAPI.DLL
0x00007ff8a9ff0000 - 0x00007ff8a9ff9000 	C:\Windows\SYSTEM32\WSOCK32.dll
0x00007ff8a5000000 - 0x00007ff8a5027000 	C:\Windows\SYSTEM32\WINMM.dll
0x00007ff8af6b0000 - 0x00007ff8af71b000 	C:\Windows\System32\WS2_32.dll
0x00007ff8ac210000 - 0x00007ff8ac222000 	C:\Windows\SYSTEM32\kernel.appcore.dll
0x00007ff89e4b0000 - 0x00007ff89e4c0000 	C:\Program Files\Java\jdk-11\bin\verify.dll
0x00007ff89ab60000 - 0x00007ff89ad44000 	C:\Windows\SYSTEM32\DBGHELP.DLL
0x00007ff89ab30000 - 0x00007ff89ab5c000 	C:\Windows\SYSTEM32\dbgcore.DLL
0x00007ff8aebb0000 - 0x00007ff8aec33000 	C:\Windows\System32\bcryptPrimitives.dll
0x00007ff87b500000 - 0x00007ff87b528000 	C:\Program Files\Java\jdk-11\bin\java.dll
0x00007ff89adf0000 - 0x00007ff89adfa000 	C:\Program Files\Java\jdk-11\bin\jimage.dll
0x00007ff880300000 - 0x00007ff880317000 	C:\Program Files\Java\jdk-11\bin\zip.dll
0x00007ff8affc0000 - 0x00007ff8b06ff000 	C:\Windows\System32\SHELL32.dll
0x00007ff8ac410000 - 0x00007ff8acba0000 	C:\Windows\SYSTEM32\windows.storage.dll
0x00007ff8af720000 - 0x00007ff8afa75000 	C:\Windows\System32\combase.dll
0x00007ff8adc90000 - 0x00007ff8adcbc000 	C:\Windows\SYSTEM32\Wldp.dll
0x00007ff8afb20000 - 0x00007ff8afbcd000 	C:\Windows\System32\SHCORE.dll
0x00007ff8b08d0000 - 0x00007ff8b0925000 	C:\Windows\System32\shlwapi.dll
0x00007ff8ae250000 - 0x00007ff8ae26f000 	C:\Windows\SYSTEM32\profapi.dll
0x00007ff87dbb0000 - 0x00007ff87dbc9000 	C:\Program Files\Java\jdk-11\bin\net.dll
0x00007ff8a08d0000 - 0x00007ff8a09d8000 	C:\Windows\SYSTEM32\WINHTTP.dll
0x00007ff8ad9f0000 - 0x00007ff8ada5a000 	C:\Windows\system32\mswsock.dll
0x00007ff87b4e0000 - 0x00007ff87b4f2000 	C:\Program Files\Java\jdk-11\bin\nio.dll

dbghelp: loaded successfully - version: 4.0.5 - missing functions: none
symbol engine: initialized successfully - sym options: 0x614 - pdb path: .;C:\Program Files\Java\jdk-11\bin;C:\Windows\SYSTEM32;C:\Windows\WinSxS\amd64_microsoft.windows.common-controls_6595b64144ccf1df_6.0.19041.1110_none_60b5254171f9507e;C:\Program Files\Java\jdk-11\bin\server

VM Arguments:
java_command: org.jetbrains.kotlin.cli.jvm.K2JVMCompiler @C:\Users\ades\AndroidStudioProjects\MyStoryApp2\app\build\20230502_2899296158584806465.compiler.options
java_class_path (initial): C:\Users\ades\.gradle\caches\modules-2\files-2.1\org.jetbrains.kotlin\kotlin-compiler-embeddable\1.8.0\eb9118d4bcceaa2a94b2ae2a33a4ddba7c9a947f\kotlin-compiler-embeddable-1.8.0.jar;C:\Users\ades\.gradle\caches\modules-2\files-2.1\org.jetbrains.kotlin\kotlin-stdlib\1.8.0\1796921c7a3e2e2665a83e6c8d33399336cd39bc\kotlin-stdlib-1.8.0.jar;C:\Users\ades\.gradle\caches\modules-2\files-2.1\org.jetbrains.kotlin\kotlin-script-runtime\1.8.0\b2f7e760d283cb339974851c222a4c1d48f2d3d\kotlin-script-runtime-1.8.0.jar;C:\Users\ades\.gradle\caches\modules-2\files-2.1\org.jetbrains.kotlin\kotlin-reflect\1.6.10\1cbe9c92c12a94eea200d23c2bbaedaf3daf5132\kotlin-reflect-1.6.10.jar;C:\Users\ades\.gradle\caches\modules-2\files-2.1\org.jetbrains.kotlin\kotlin-daemon-embeddable\1.8.0\d255216c551685dc3a7e852b53617f5f01aaaa5c\kotlin-daemon-embeddable-1.8.0.jar;C:\Users\ades\.gradle\caches\modules-2\files-2.1\org.jetbrains.intellij.deps\trove4j\1.0.20200330\3afb14d5f9ceb459d724e907a21145e8ff394f02\trove4j-1.0.20200330.jar;C:\Users\ades\.gradle\caches\modules-2\files-2.1\net.java.dev.jna\jna\5.6.0\330f2244e9030119ab3030fc3fededc86713d9cc\jna-5.6.0.jar;C:\Users\ades\.gradle\caches\modules-2\files-2.1\org.jetbrains.kotlin\kotlin-stdlib-common\1.8.0\f7197e7cc76453ac59f8b0f8d5137cc600becd36\kotlin-stdlib-common-1.8.0.jar;C:\Users\ades\.gradle\caches\modules-2\files-2.1\org.jetbrains\annotations\13.0\919f0dfe192fb4e063e7dacadee7f8bb9a2672a9\annotations-13.0.jar
Launcher Type: SUN_STANDARD

[Global flags]
     intx CICompilerCount                          = 3                                         {product} {ergonomic}
     uint ConcGCThreads                            = 1                                         {product} {ergonomic}
     uint G1ConcRefinementThreads                  = 4                                         {product} {ergonomic}
   size_t G1HeapRegionSize                         = 1048576                                   {product} {ergonomic}
    uintx GCDrainStackTargetSize                   = 64                                        {product} {ergonomic}
   size_t InitialHeapSize                          = 184549376                                 {product} {ergonomic}
   size_t MarkStackSize                            = 4194304                                   {product} {ergonomic}
   size_t MaxHeapSize                              = 2933915648                                {product} {ergonomic}
   size_t MaxNewSize                               = 1759510528                                {product} {ergonomic}
   size_t MinHeapDeltaBytes                        = 1048576                                   {product} {ergonomic}
    uintx NonNMethodCodeHeapSize                   = 5830732                                {pd product} {ergonomic}
    uintx NonProfiledCodeHeapSize                  = 122913754                              {pd product} {ergonomic}
    uintx ProfiledCodeHeapSize                     = 122913754                              {pd product} {ergonomic}
    uintx ReservedCodeCacheSize                    = 251658240                              {pd product} {ergonomic}
     bool SegmentedCodeCache                       = true                                      {product} {ergonomic}
     bool UseCompressedClassPointers               = true                                 {lp64_product} {ergonomic}
     bool UseCompressedOops                        = true                                 {lp64_product} {ergonomic}
     bool UseG1GC                                  = true                                      {product} {ergonomic}
     bool UseLargePagesIndividualAllocation        = false                                  {pd product} {ergonomic}

Logging:
Log output configuration:
 #0: stdout all=warning uptime,level,tags
 #1: stderr all=off uptime,level,tags

Environment Variables:
JAVA_HOME=C:\Program Files\Java\jdk-11
PATH=C:\Program Files\Java\jdk-11\bin;C:\Program Files\Common Files\Oracle\Java\javapath;C:\Windows\system32;C:\Windows;C:\Windows\System32\Wbem;C:\Windows\System32\WindowsPowerShell\v1.0\;C:\Windows\System32\OpenSSH\;C:\Users\ades\AppData\Local\Microsoft\WindowsApps;;C:\Users\ades\AppData\Local\Programs\Microsoft VS Code\bin
USERNAME=ades
OS=Windows_NT
PROCESSOR_IDENTIFIER=AMD64 Family 22 Model 48 Stepping 1, AuthenticAMD



---------------  S Y S T E M  ---------------

OS: Windows 10 , 64 bit Build 19041 (10.0.19041.1202)

CPU:total 4 (initial active 4) (4 cores per cpu, 1 threads per core) family 22 model 48 stepping 1 microcode 0x0, cmov, cx8, fxsr, mmx, sse, sse2, sse3, ssse3, sse4.1, sse4.2, popcnt, avx, aes, clmul, mmxext, 3dnowpref, lzcnt, sse4a, tsc, tscinvbit, tscinv, bmi1

Memory: 4k page, system-wide physical 11186M (1528M free)
TotalPageFile size 11186M (AvailPageFile size 42M)
current process WorkingSet (physical memory assigned to process): 402M, peak: 402M
current process commit charge ("private bytes"): 461M, peak: 504M

vm_info: Java HotSpot(TM) 64-Bit Server VM (11.0.18+9-LTS-195) for windows-amd64 JRE (11.0.18+9-LTS-195), built on Dec  6 2022 15:50:58 by "mach5one" with MS VC++ 17.1 (VS2022)

END.
