#
# There is insufficient memory for the Java Runtime Environment to continue.
# Native memory allocation (malloc) failed to allocate 1035536 bytes for Chunk::new
# Possible reasons:
#   The system is out of physical RAM or swap space
#   The process is running with CompressedOops enabled, and the Java Heap may be blocking the growth of the native heap
# Possible solutions:
#   Reduce memory load on the system
#   Increase physical memory or swap space
#   Check if swap backing store is full
#   Decrease Java heap size (-Xmx/-Xms)
#   Decrease number of Java threads
#   Decrease Java thread stack sizes (-Xss)
#   Set larger code cache with -XX:ReservedCodeCacheSize=
#   JVM is running with Zero Based Compressed Oops mode in which the Java heap is
#     placed in the first 32GB address space. The Java Heap base address is the
#     maximum limit for the native heap growth. Please use -XX:HeapBaseMinAddress
#     to set the Java Heap base and to place the Java Heap above 32GB virtual address.
# This output file may be truncated or incomplete.
#
#  Out of Memory Error (./open/src/hotspot/share/memory/arena.cpp:197), pid=7072, tid=5252
#
# JRE version: Java(TM) SE Runtime Environment 18.9 (11.0.18+9) (build 11.0.18+9-LTS-195)
# Java VM: Java HotSpot(TM) 64-Bit Server VM 18.9 (11.0.18+9-LTS-195, mixed mode, tiered, compressed oops, g1 gc, windows-amd64)
# No core dump will be written. Minidumps are not enabled by default on client versions of Windows
#

---------------  S U M M A R Y ------------

Command Line: org.jetbrains.kotlin.cli.jvm.K2JVMCompiler @C:\Users\ades\AndroidStudioProjects\MyStoryApp2\app\build\20230502_3116743115732505764.compiler.options

Host: AMD A8-7410 APU with AMD Radeon R5 Graphics    , 4 cores, 10G,  Windows 10 , 64 bit Build 19041 (10.0.19041.1202)
Time: Tue May  2 03:08:37 2023 Mountain Daylight Time elapsed time: 58.024034 seconds (0d 0h 0m 58s)

---------------  T H R E A D  ---------------

Current thread (0x00000280833c4800):  JavaThread "C2 CompilerThread0" daemon [_thread_in_native, id=5252, stack(0x000000cbb5800000,0x000000cbb5900000)]


Current CompileTask:
C2:  58024 17006       4       org.jetbrains.kotlin.load.kotlin.TypeSignatureMappingKt::mapBuiltInType (339 bytes)

Stack: [0x000000cbb5800000,0x000000cbb5900000]
Native frames: (J=compiled Java code, j=interpreted, Vv=VM code, C=native code)
V  [jvm.dll+0x65d8aa]
V  [jvm.dll+0x79fc1f]
V  [jvm.dll+0x7a12e9]
V  [jvm.dll+0x7a1983]
V  [jvm.dll+0x2585b5]
V  [jvm.dll+0xb284c]
V  [jvm.dll+0xb2e0c]
V  [jvm.dll+0x365ddf]
V  [jvm.dll+0x1a2414]
V  [jvm.dll+0x2114fd]
V  [jvm.dll+0x210378]
V  [jvm.dll+0x18c641]
V  [jvm.dll+0x220609]
V  [jvm.dll+0x21e92c]
V  [jvm.dll+0x763f61]
V  [jvm.dll+0x75c924]
V  [jvm.dll+0x65c755]
C  [ucrtbase.dll+0x21bb2]
C  [KERNEL32.DLL+0x17034]
C  [ntdll.dll+0x52651]


---------------  P R O C E S S  ---------------

Threads class SMR info:
_java_thread_list=0x000002808969b100, length=11, elements={
0x00000280e16cc000, 0x00000280ffe7a800, 0x00000280ffe84000, 0x0000028083419000,
0x000002808341a800, 0x00000280833c1800, 0x00000280833c4800, 0x00000280833cb000,
0x000002808341d000, 0x0000028083588800, 0x0000028089662800
}

Java Threads: ( => current thread )
  0x00000280e16cc000 JavaThread "main" [_thread_in_Java, id=7016, stack(0x000000cbb4c00000,0x000000cbb4d00000)]
  0x00000280ffe7a800 JavaThread "Reference Handler" daemon [_thread_blocked, id=816, stack(0x000000cbb5300000,0x000000cbb5400000)]
  0x00000280ffe84000 JavaThread "Finalizer" daemon [_thread_blocked, id=3576, stack(0x000000cbb5400000,0x000000cbb5500000)]
  0x0000028083419000 JavaThread "Signal Dispatcher" daemon [_thread_blocked, id=6996, stack(0x000000cbb5500000,0x000000cbb5600000)]
  0x000002808341a800 JavaThread "Attach Listener" daemon [_thread_blocked, id=6388, stack(0x000000cbb5600000,0x000000cbb5700000)]
  0x00000280833c1800 JavaThread "Service Thread" daemon [_thread_blocked, id=5988, stack(0x000000cbb5700000,0x000000cbb5800000)]
=>0x00000280833c4800 JavaThread "C2 CompilerThread0" daemon [_thread_in_native, id=5252, stack(0x000000cbb5800000,0x000000cbb5900000)]
  0x00000280833cb000 JavaThread "C1 CompilerThread0" daemon [_thread_blocked, id=1860, stack(0x000000cbb5900000,0x000000cbb5a00000)]
  0x000002808341d000 JavaThread "Sweeper thread" daemon [_thread_blocked, id=1696, stack(0x000000cbb5a00000,0x000000cbb5b00000)]
  0x0000028083588800 JavaThread "Common-Cleaner" daemon [_thread_blocked, id=4124, stack(0x000000cbb5c00000,0x000000cbb5d00000)]
  0x0000028089662800 JavaThread "C2 CompilerThread1" daemon [_thread_in_native, id=1612, stack(0x000000cbb6000000,0x000000cbb6100000)]

Other Threads:
  0x00000280ffe55800 VMThread "VM Thread" [stack: 0x000000cbb5200000,0x000000cbb5300000] [id=7504]
  0x0000028083586000 WatcherThread [stack: 0x000000cbb5b00000,0x000000cbb5c00000] [id=3052]
  0x00000280e16e1800 GCTaskThread "GC Thread#0" [stack: 0x000000cbb4d00000,0x000000cbb4e00000] [id=3220]
  0x0000028083963800 GCTaskThread "GC Thread#1" [stack: 0x000000cbb5d00000,0x000000cbb5e00000] [id=4228]
  0x0000028083984800 GCTaskThread "GC Thread#2" [stack: 0x000000cbb5e00000,0x000000cbb5f00000] [id=7204]
  0x0000028083959800 GCTaskThread "GC Thread#3" [stack: 0x000000cbb5f00000,0x000000cbb6000000] [id=3600]
  0x00000280e1722800 ConcurrentGCThread "G1 Main Marker" [stack: 0x000000cbb4e00000,0x000000cbb4f00000] [id=8084]
  0x00000280e1724000 ConcurrentGCThread "G1 Conc#0" [stack: 0x000000cbb4f00000,0x000000cbb5000000] [id=6608]
  0x00000280e17ad800 ConcurrentGCThread "G1 Refine#0" [stack: 0x000000cbb5000000,0x000000cbb5100000] [id=768]
  0x0000028089ada800 ConcurrentGCThread "G1 Refine#1" [stack: 0x000000cbb6100000,0x000000cbb6200000] [id=7656]
  0x00000280ffcbe000 ConcurrentGCThread "G1 Young RemSet Sampling" [stack: 0x000000cbb5100000,0x000000cbb5200000] [id=864]

Threads with active compile tasks:
C2 CompilerThread0    58053 17006       4       org.jetbrains.kotlin.load.kotlin.TypeSignatureMappingKt::mapBuiltInType (339 bytes)
C2 CompilerThread1    58053 17105       4       org.jetbrains.kotlin.backend.jvm.lower.BridgeLowering::createBridges (1007 bytes)

VM state:not at safepoint (normal execution)

VM Mutex/Monitor currently owned by a thread: None

Heap address: 0x0000000751200000, size: 2798 MB, Compressed Oops mode: Zero based, Oop shift amount: 3
Narrow klass base: 0x0000000800000000, Narrow klass shift: 0
Compressed class space size: 1073741824 Address: 0x0000000800000000

Heap:
 garbage-first heap   total 261120K, used 161280K [0x0000000751200000, 0x0000000800000000)
  region size 1024K, 59 young (60416K), 10 survivors (10240K)
 Metaspace       used 89579K, capacity 90617K, committed 90744K, reserved 1130496K
  class space    used 9668K, capacity 10068K, committed 10112K, reserved 1048576K
Heap Regions: E=young(eden), S=young(survivor), O=old, HS=humongous(starts), HC=humongous(continues), CS=collection set, F=free, A=archive, TAMS=top-at-mark-start (previous, next)
|   0|0x0000000751200000, 0x0000000751300000, 0x0000000751300000|100%|HS|  |TAMS 0x0000000751300000, 0x0000000751200000| Complete 
|   1|0x0000000751300000, 0x0000000751400000, 0x0000000751400000|100%|HC|  |TAMS 0x0000000751400000, 0x0000000751300000| Complete 
|   2|0x0000000751400000, 0x0000000751500000, 0x0000000751500000|100%|HC|  |TAMS 0x0000000751500000, 0x0000000751400000| Complete 
|   3|0x0000000751500000, 0x0000000751600000, 0x0000000751600000|100%|HC|  |TAMS 0x0000000751600000, 0x0000000751500000| Complete 
|   4|0x0000000751600000, 0x0000000751700000, 0x0000000751700000|100%| O|  |TAMS 0x0000000751700000, 0x0000000751600000| Untracked 
|   5|0x0000000751700000, 0x0000000751800000, 0x0000000751800000|100%| O|  |TAMS 0x0000000751800000, 0x0000000751700000| Untracked 
|   6|0x0000000751800000, 0x0000000751900000, 0x0000000751900000|100%|HS|  |TAMS 0x0000000751900000, 0x0000000751800000| Complete 
|   7|0x0000000751900000, 0x0000000751a00000, 0x0000000751a00000|100%|HC|  |TAMS 0x0000000751a00000, 0x0000000751900000| Complete 
|   8|0x0000000751a00000, 0x0000000751b00000, 0x0000000751b00000|100%|HC|  |TAMS 0x0000000751b00000, 0x0000000751a00000| Complete 
|   9|0x0000000751b00000, 0x0000000751c00000, 0x0000000751c00000|100%|HC|  |TAMS 0x0000000751c00000, 0x0000000751b00000| Complete 
|  10|0x0000000751c00000, 0x0000000751d00000, 0x0000000751d00000|100%| O|  |TAMS 0x0000000751d00000, 0x0000000751c00000| Untracked 
|  11|0x0000000751d00000, 0x0000000751e00000, 0x0000000751e00000|100%| O|  |TAMS 0x0000000751e00000, 0x0000000751d00000| Untracked 
|  12|0x0000000751e00000, 0x0000000751f00000, 0x0000000751f00000|100%| O|  |TAMS 0x0000000751f00000, 0x0000000751e00000| Untracked 
|  13|0x0000000751f00000, 0x0000000752000000, 0x0000000752000000|100%| O|  |TAMS 0x0000000752000000, 0x0000000751f00000| Untracked 
|  14|0x0000000752000000, 0x0000000752100000, 0x0000000752100000|100%| O|  |TAMS 0x0000000752100000, 0x0000000752000000| Untracked 
|  15|0x0000000752100000, 0x0000000752200000, 0x0000000752200000|100%| O|  |TAMS 0x0000000752200000, 0x0000000752100000| Untracked 
|  16|0x0000000752200000, 0x0000000752300000, 0x0000000752300000|100%| O|  |TAMS 0x0000000752300000, 0x0000000752200000| Untracked 
|  17|0x0000000752300000, 0x0000000752400000, 0x0000000752400000|100%| O|  |TAMS 0x0000000752400000, 0x0000000752300000| Untracked 
|  18|0x0000000752400000, 0x0000000752500000, 0x0000000752500000|100%| O|  |TAMS 0x0000000752500000, 0x0000000752400000| Untracked 
|  19|0x0000000752500000, 0x0000000752600000, 0x0000000752600000|100%| O|  |TAMS 0x0000000752600000, 0x0000000752500000| Untracked 
|  20|0x0000000752600000, 0x0000000752700000, 0x0000000752700000|100%| O|  |TAMS 0x0000000752700000, 0x0000000752600000| Untracked 
|  21|0x0000000752700000, 0x0000000752800000, 0x0000000752800000|100%| O|  |TAMS 0x0000000752800000, 0x0000000752700000| Untracked 
|  22|0x0000000752800000, 0x0000000752900000, 0x0000000752900000|100%| O|  |TAMS 0x0000000752900000, 0x0000000752800000| Untracked 
|  23|0x0000000752900000, 0x0000000752a00000, 0x0000000752a00000|100%| O|  |TAMS 0x0000000752a00000, 0x0000000752900000| Untracked 
|  24|0x0000000752a00000, 0x0000000752b00000, 0x0000000752b00000|100%|HS|  |TAMS 0x0000000752b00000, 0x0000000752a00000| Complete 
|  25|0x0000000752b00000, 0x0000000752c00000, 0x0000000752c00000|100%|HC|  |TAMS 0x0000000752c00000, 0x0000000752b00000| Complete 
|  26|0x0000000752c00000, 0x0000000752d00000, 0x0000000752d00000|100%| O|  |TAMS 0x0000000752d00000, 0x0000000752c00000| Untracked 
|  27|0x0000000752d00000, 0x0000000752e00000, 0x0000000752e00000|100%| O|  |TAMS 0x0000000752e00000, 0x0000000752d00000| Untracked 
|  28|0x0000000752e00000, 0x0000000752f00000, 0x0000000752f00000|100%| O|  |TAMS 0x0000000752f00000, 0x0000000752e00000| Untracked 
|  29|0x0000000752f00000, 0x0000000753000000, 0x0000000753000000|100%| O|  |TAMS 0x0000000753000000, 0x0000000752f00000| Untracked 
|  30|0x0000000753000000, 0x0000000753100000, 0x0000000753100000|100%| O|  |TAMS 0x0000000753100000, 0x0000000753000000| Untracked 
|  31|0x0000000753100000, 0x0000000753200000, 0x0000000753200000|100%| O|  |TAMS 0x0000000753200000, 0x0000000753100000| Untracked 
|  32|0x0000000753200000, 0x0000000753300000, 0x0000000753300000|100%| O|  |TAMS 0x0000000753300000, 0x0000000753200000| Untracked 
|  33|0x0000000753300000, 0x0000000753400000, 0x0000000753400000|100%| O|  |TAMS 0x0000000753400000, 0x0000000753300000| Untracked 
|  34|0x0000000753400000, 0x0000000753500000, 0x0000000753500000|100%| O|  |TAMS 0x0000000753500000, 0x0000000753400000| Untracked 
|  35|0x0000000753500000, 0x0000000753600000, 0x0000000753600000|100%| O|  |TAMS 0x0000000753600000, 0x0000000753500000| Untracked 
|  36|0x0000000753600000, 0x0000000753700000, 0x0000000753700000|100%| O|  |TAMS 0x0000000753700000, 0x0000000753600000| Untracked 
|  37|0x0000000753700000, 0x0000000753800000, 0x0000000753800000|100%| O|  |TAMS 0x0000000753800000, 0x0000000753700000| Untracked 
|  38|0x0000000753800000, 0x0000000753900000, 0x0000000753900000|100%| O|  |TAMS 0x0000000753900000, 0x0000000753800000| Untracked 
|  39|0x0000000753900000, 0x0000000753a00000, 0x0000000753a00000|100%| O|  |TAMS 0x0000000753a00000, 0x0000000753900000| Untracked 
|  40|0x0000000753a00000, 0x0000000753b00000, 0x0000000753b00000|100%| O|  |TAMS 0x0000000753b00000, 0x0000000753a00000| Untracked 
|  41|0x0000000753b00000, 0x0000000753c00000, 0x0000000753c00000|100%| O|  |TAMS 0x0000000753c00000, 0x0000000753b00000| Untracked 
|  42|0x0000000753c00000, 0x0000000753d00000, 0x0000000753d00000|100%| O|  |TAMS 0x0000000753d00000, 0x0000000753c00000| Untracked 
|  43|0x0000000753d00000, 0x0000000753e00000, 0x0000000753e00000|100%| O|  |TAMS 0x0000000753e00000, 0x0000000753d00000| Untracked 
|  44|0x0000000753e00000, 0x0000000753f00000, 0x0000000753f00000|100%| O|  |TAMS 0x0000000753f00000, 0x0000000753e00000| Untracked 
|  45|0x0000000753f00000, 0x0000000754000000, 0x0000000754000000|100%| O|  |TAMS 0x0000000754000000, 0x0000000753f00000| Untracked 
|  46|0x0000000754000000, 0x0000000754100000, 0x0000000754100000|100%| O|  |TAMS 0x0000000754100000, 0x0000000754000000| Untracked 
|  47|0x0000000754100000, 0x0000000754200000, 0x0000000754200000|100%| O|  |TAMS 0x0000000754200000, 0x0000000754100000| Untracked 
|  48|0x0000000754200000, 0x0000000754300000, 0x0000000754300000|100%| O|  |TAMS 0x0000000754300000, 0x0000000754200000| Untracked 
|  49|0x0000000754300000, 0x0000000754400000, 0x0000000754400000|100%| O|  |TAMS 0x0000000754400000, 0x0000000754300000| Untracked 
|  50|0x0000000754400000, 0x0000000754500000, 0x0000000754500000|100%| O|  |TAMS 0x0000000754500000, 0x0000000754400000| Untracked 
|  51|0x0000000754500000, 0x0000000754600000, 0x0000000754600000|100%| O|  |TAMS 0x0000000754600000, 0x0000000754500000| Untracked 
|  52|0x0000000754600000, 0x0000000754700000, 0x0000000754700000|100%| O|  |TAMS 0x0000000754700000, 0x0000000754600000| Untracked 
|  53|0x0000000754700000, 0x0000000754800000, 0x0000000754800000|100%| O|  |TAMS 0x0000000754800000, 0x0000000754700000| Untracked 
|  54|0x0000000754800000, 0x0000000754900000, 0x0000000754900000|100%| O|  |TAMS 0x0000000754900000, 0x0000000754800000| Untracked 
|  55|0x0000000754900000, 0x0000000754a00000, 0x0000000754a00000|100%| O|  |TAMS 0x0000000754a00000, 0x0000000754900000| Untracked 
|  56|0x0000000754a00000, 0x0000000754b00000, 0x0000000754b00000|100%| O|  |TAMS 0x0000000754b00000, 0x0000000754a00000| Untracked 
|  57|0x0000000754b00000, 0x0000000754c00000, 0x0000000754c00000|100%| O|  |TAMS 0x0000000754c00000, 0x0000000754b00000| Untracked 
|  58|0x0000000754c00000, 0x0000000754d00000, 0x0000000754d00000|100%| O|  |TAMS 0x0000000754d00000, 0x0000000754c00000| Untracked 
|  59|0x0000000754d00000, 0x0000000754e00000, 0x0000000754e00000|100%| O|  |TAMS 0x0000000754e00000, 0x0000000754d00000| Untracked 
|  60|0x0000000754e00000, 0x0000000754f00000, 0x0000000754f00000|100%| O|  |TAMS 0x0000000754f00000, 0x0000000754e00000| Untracked 
|  61|0x0000000754f00000, 0x0000000755000000, 0x0000000755000000|100%| O|  |TAMS 0x0000000755000000, 0x0000000754f00000| Untracked 
|  62|0x0000000755000000, 0x0000000755100000, 0x0000000755100000|100%| O|  |TAMS 0x0000000755100000, 0x0000000755000000| Untracked 
|  63|0x0000000755100000, 0x0000000755200000, 0x0000000755200000|100%| O|  |TAMS 0x0000000755200000, 0x0000000755100000| Untracked 
|  64|0x0000000755200000, 0x0000000755300000, 0x0000000755300000|100%| O|  |TAMS 0x0000000755300000, 0x0000000755200000| Untracked 
|  65|0x0000000755300000, 0x0000000755400000, 0x0000000755400000|100%| O|  |TAMS 0x0000000755400000, 0x0000000755300000| Untracked 
|  66|0x0000000755400000, 0x0000000755500000, 0x0000000755500000|100%| O|  |TAMS 0x0000000755500000, 0x0000000755400000| Untracked 
|  67|0x0000000755500000, 0x0000000755600000, 0x0000000755600000|100%| O|  |TAMS 0x0000000755600000, 0x0000000755500000| Untracked 
|  68|0x0000000755600000, 0x0000000755700000, 0x0000000755700000|100%| O|  |TAMS 0x0000000755700000, 0x0000000755600000| Untracked 
|  69|0x0000000755700000, 0x0000000755800000, 0x0000000755800000|100%| O|  |TAMS 0x0000000755800000, 0x0000000755700000| Untracked 
|  70|0x0000000755800000, 0x0000000755900000, 0x0000000755900000|100%| O|  |TAMS 0x0000000755900000, 0x0000000755800000| Untracked 
|  71|0x0000000755900000, 0x0000000755a00000, 0x0000000755a00000|100%| O|  |TAMS 0x0000000755a00000, 0x0000000755900000| Untracked 
|  72|0x0000000755a00000, 0x0000000755b00000, 0x0000000755b00000|100%| O|  |TAMS 0x0000000755b00000, 0x0000000755a00000| Untracked 
|  73|0x0000000755b00000, 0x0000000755c00000, 0x0000000755c00000|100%| O|  |TAMS 0x0000000755c00000, 0x0000000755b00000| Untracked 
|  74|0x0000000755c00000, 0x0000000755d00000, 0x0000000755d00000|100%| O|  |TAMS 0x0000000755d00000, 0x0000000755c00000| Untracked 
|  75|0x0000000755d00000, 0x0000000755e00000, 0x0000000755e00000|100%| O|  |TAMS 0x0000000755e00000, 0x0000000755d00000| Untracked 
|  76|0x0000000755e00000, 0x0000000755f00000, 0x0000000755f00000|100%| O|  |TAMS 0x0000000755f00000, 0x0000000755e00000| Untracked 
|  77|0x0000000755f00000, 0x0000000756000000, 0x0000000756000000|100%| O|  |TAMS 0x0000000756000000, 0x0000000755f00000| Untracked 
|  78|0x0000000756000000, 0x0000000756100000, 0x0000000756100000|100%| O|  |TAMS 0x0000000756100000, 0x0000000756000000| Untracked 
|  79|0x0000000756100000, 0x0000000756200000, 0x0000000756200000|100%| O|  |TAMS 0x0000000756200000, 0x0000000756100000| Untracked 
|  80|0x0000000756200000, 0x0000000756300000, 0x0000000756300000|100%| O|  |TAMS 0x0000000756300000, 0x0000000756200000| Untracked 
|  81|0x0000000756300000, 0x0000000756400000, 0x0000000756400000|100%| O|  |TAMS 0x0000000756400000, 0x0000000756300000| Untracked 
|  82|0x0000000756400000, 0x0000000756500000, 0x0000000756500000|100%| O|  |TAMS 0x0000000756500000, 0x0000000756400000| Untracked 
|  83|0x0000000756500000, 0x0000000756600000, 0x0000000756600000|100%| O|  |TAMS 0x0000000756600000, 0x0000000756500000| Untracked 
|  84|0x0000000756600000, 0x0000000756700000, 0x0000000756700000|100%| O|  |TAMS 0x0000000756700000, 0x0000000756600000| Untracked 
|  85|0x0000000756700000, 0x0000000756800000, 0x0000000756800000|100%| O|  |TAMS 0x0000000756800000, 0x0000000756700000| Untracked 
|  86|0x0000000756800000, 0x0000000756900000, 0x0000000756900000|100%| O|  |TAMS 0x0000000756900000, 0x0000000756800000| Untracked 
|  87|0x0000000756900000, 0x0000000756a00000, 0x0000000756a00000|100%| O|  |TAMS 0x0000000756a00000, 0x0000000756900000| Untracked 
|  88|0x0000000756a00000, 0x0000000756b00000, 0x0000000756b00000|100%| O|  |TAMS 0x0000000756b00000, 0x0000000756a00000| Untracked 
|  89|0x0000000756b00000, 0x0000000756c00000, 0x0000000756c00000|100%| O|  |TAMS 0x0000000756c00000, 0x0000000756b00000| Untracked 
|  90|0x0000000756c00000, 0x0000000756d00000, 0x0000000756d00000|100%| O|  |TAMS 0x0000000756d00000, 0x0000000756c00000| Untracked 
|  91|0x0000000756d00000, 0x0000000756e00000, 0x0000000756e00000|100%| O|  |TAMS 0x0000000756e00000, 0x0000000756d00000| Untracked 
|  92|0x0000000756e00000, 0x0000000756f00000, 0x0000000756f00000|100%| O|  |TAMS 0x0000000756f00000, 0x0000000756e00000| Untracked 
|  93|0x0000000756f00000, 0x0000000757000000, 0x0000000757000000|100%| O|  |TAMS 0x0000000757000000, 0x0000000756f00000| Untracked 
|  94|0x0000000757000000, 0x0000000757100000, 0x0000000757100000|100%| O|  |TAMS 0x0000000757100000, 0x0000000757000000| Untracked 
|  95|0x0000000757100000, 0x0000000757200000, 0x0000000757200000|100%| O|  |TAMS 0x0000000757200000, 0x0000000757100000| Untracked 
|  96|0x0000000757200000, 0x0000000757300000, 0x0000000757300000|100%| O|  |TAMS 0x0000000757300000, 0x0000000757200000| Untracked 
|  97|0x0000000757300000, 0x0000000757400000, 0x0000000757400000|100%| O|  |TAMS 0x0000000757400000, 0x0000000757300000| Untracked 
|  98|0x0000000757400000, 0x0000000757500000, 0x0000000757500000|100%| O|  |TAMS 0x0000000757500000, 0x0000000757400000| Untracked 
|  99|0x0000000757500000, 0x0000000757600000, 0x0000000757600000|100%| O|  |TAMS 0x0000000757600000, 0x0000000757500000| Untracked 
| 100|0x0000000757600000, 0x0000000757600000, 0x0000000757700000|  0%| F|  |TAMS 0x0000000757600000, 0x0000000757600000| Untracked 
| 101|0x0000000757700000, 0x0000000757700000, 0x0000000757800000|  0%| F|  |TAMS 0x0000000757700000, 0x0000000757700000| Untracked 
| 102|0x0000000757800000, 0x0000000757800000, 0x0000000757900000|  0%| F|  |TAMS 0x0000000757800000, 0x0000000757800000| Untracked 
| 103|0x0000000757900000, 0x0000000757900000, 0x0000000757a00000|  0%| F|  |TAMS 0x0000000757900000, 0x0000000757900000| Untracked 
| 104|0x0000000757a00000, 0x0000000757a00000, 0x0000000757b00000|  0%| F|  |TAMS 0x0000000757a00000, 0x0000000757a00000| Untracked 
| 105|0x0000000757b00000, 0x0000000757b00000, 0x0000000757c00000|  0%| F|  |TAMS 0x0000000757b00000, 0x0000000757b00000| Untracked 
| 106|0x0000000757c00000, 0x0000000757c00000, 0x0000000757d00000|  0%| F|  |TAMS 0x0000000757c00000, 0x0000000757c00000| Untracked 
| 107|0x0000000757d00000, 0x0000000757d00000, 0x0000000757e00000|  0%| F|  |TAMS 0x0000000757d00000, 0x0000000757d00000| Untracked 
| 108|0x0000000757e00000, 0x0000000757e00000, 0x0000000757f00000|  0%| F|  |TAMS 0x0000000757e00000, 0x0000000757e00000| Untracked 
| 109|0x0000000757f00000, 0x0000000757f00000, 0x0000000758000000|  0%| F|  |TAMS 0x0000000757f00000, 0x0000000757f00000| Untracked 
| 110|0x0000000758000000, 0x0000000758000000, 0x0000000758100000|  0%| F|  |TAMS 0x0000000758000000, 0x0000000758000000| Untracked 
| 111|0x0000000758100000, 0x0000000758100000, 0x0000000758200000|  0%| F|  |TAMS 0x0000000758100000, 0x0000000758100000| Untracked 
| 112|0x0000000758200000, 0x0000000758200000, 0x0000000758300000|  0%| F|  |TAMS 0x0000000758200000, 0x0000000758200000| Untracked 
| 113|0x0000000758300000, 0x0000000758300000, 0x0000000758400000|  0%| F|  |TAMS 0x0000000758300000, 0x0000000758300000| Untracked 
| 114|0x0000000758400000, 0x0000000758400000, 0x0000000758500000|  0%| F|  |TAMS 0x0000000758400000, 0x0000000758400000| Untracked 
| 115|0x0000000758500000, 0x0000000758500000, 0x0000000758600000|  0%| F|  |TAMS 0x0000000758500000, 0x0000000758500000| Untracked 
| 116|0x0000000758600000, 0x0000000758600000, 0x0000000758700000|  0%| F|  |TAMS 0x0000000758600000, 0x0000000758600000| Untracked 
| 117|0x0000000758700000, 0x0000000758700000, 0x0000000758800000|  0%| F|  |TAMS 0x0000000758700000, 0x0000000758700000| Untracked 
| 118|0x0000000758800000, 0x0000000758800000, 0x0000000758900000|  0%| F|  |TAMS 0x0000000758800000, 0x0000000758800000| Untracked 
| 119|0x0000000758900000, 0x0000000758900000, 0x0000000758a00000|  0%| F|  |TAMS 0x0000000758900000, 0x0000000758900000| Untracked 
| 120|0x0000000758a00000, 0x0000000758a00000, 0x0000000758b00000|  0%| F|  |TAMS 0x0000000758a00000, 0x0000000758a00000| Untracked 
| 121|0x0000000758b00000, 0x0000000758b00000, 0x0000000758c00000|  0%| F|  |TAMS 0x0000000758b00000, 0x0000000758b00000| Untracked 
| 122|0x0000000758c00000, 0x0000000758c00000, 0x0000000758d00000|  0%| F|  |TAMS 0x0000000758c00000, 0x0000000758c00000| Untracked 
| 123|0x0000000758d00000, 0x0000000758d00000, 0x0000000758e00000|  0%| F|  |TAMS 0x0000000758d00000, 0x0000000758d00000| Untracked 
| 124|0x0000000758e00000, 0x0000000758e00000, 0x0000000758f00000|  0%| F|  |TAMS 0x0000000758e00000, 0x0000000758e00000| Untracked 
| 125|0x0000000758f00000, 0x0000000758f00000, 0x0000000759000000|  0%| F|  |TAMS 0x0000000758f00000, 0x0000000758f00000| Untracked 
| 126|0x0000000759000000, 0x0000000759000000, 0x0000000759100000|  0%| F|  |TAMS 0x0000000759000000, 0x0000000759000000| Untracked 
| 127|0x0000000759100000, 0x0000000759100000, 0x0000000759200000|  0%| F|  |TAMS 0x0000000759100000, 0x0000000759100000| Untracked 
| 128|0x0000000759200000, 0x0000000759200000, 0x0000000759300000|  0%| F|  |TAMS 0x0000000759200000, 0x0000000759200000| Untracked 
| 129|0x0000000759300000, 0x0000000759300000, 0x0000000759400000|  0%| F|  |TAMS 0x0000000759300000, 0x0000000759300000| Untracked 
| 130|0x0000000759400000, 0x0000000759400000, 0x0000000759500000|  0%| F|  |TAMS 0x0000000759400000, 0x0000000759400000| Untracked 
| 131|0x0000000759500000, 0x0000000759500000, 0x0000000759600000|  0%| F|  |TAMS 0x0000000759500000, 0x0000000759500000| Untracked 
| 132|0x0000000759600000, 0x0000000759600000, 0x0000000759700000|  0%| F|  |TAMS 0x0000000759600000, 0x0000000759600000| Untracked 
| 133|0x0000000759700000, 0x0000000759700000, 0x0000000759800000|  0%| F|  |TAMS 0x0000000759700000, 0x0000000759700000| Untracked 
| 134|0x0000000759800000, 0x0000000759800000, 0x0000000759900000|  0%| F|  |TAMS 0x0000000759800000, 0x0000000759800000| Untracked 
| 135|0x0000000759900000, 0x0000000759900000, 0x0000000759a00000|  0%| F|  |TAMS 0x0000000759900000, 0x0000000759900000| Untracked 
| 136|0x0000000759a00000, 0x0000000759a00000, 0x0000000759b00000|  0%| F|  |TAMS 0x0000000759a00000, 0x0000000759a00000| Untracked 
| 137|0x0000000759b00000, 0x0000000759b00000, 0x0000000759c00000|  0%| F|  |TAMS 0x0000000759b00000, 0x0000000759b00000| Untracked 
| 138|0x0000000759c00000, 0x0000000759c00000, 0x0000000759d00000|  0%| F|  |TAMS 0x0000000759c00000, 0x0000000759c00000| Untracked 
| 139|0x0000000759d00000, 0x0000000759d00000, 0x0000000759e00000|  0%| F|  |TAMS 0x0000000759d00000, 0x0000000759d00000| Untracked 
| 140|0x0000000759e00000, 0x0000000759e00000, 0x0000000759f00000|  0%| F|  |TAMS 0x0000000759e00000, 0x0000000759e00000| Untracked 
| 141|0x0000000759f00000, 0x0000000759f00000, 0x000000075a000000|  0%| F|  |TAMS 0x0000000759f00000, 0x0000000759f00000| Untracked 
| 142|0x000000075a000000, 0x000000075a000000, 0x000000075a100000|  0%| F|  |TAMS 0x000000075a000000, 0x000000075a000000| Untracked 
| 143|0x000000075a100000, 0x000000075a100000, 0x000000075a200000|  0%| F|  |TAMS 0x000000075a100000, 0x000000075a100000| Untracked 
| 144|0x000000075a200000, 0x000000075a280000, 0x000000075a300000| 50%| S|CS|TAMS 0x000000075a200000, 0x000000075a200000| Complete 
| 145|0x000000075a300000, 0x000000075a400000, 0x000000075a400000|100%| S|CS|TAMS 0x000000075a300000, 0x000000075a300000| Complete 
| 146|0x000000075a400000, 0x000000075a500000, 0x000000075a500000|100%| S|CS|TAMS 0x000000075a400000, 0x000000075a400000| Complete 
| 147|0x000000075a500000, 0x000000075a600000, 0x000000075a600000|100%| S|CS|TAMS 0x000000075a500000, 0x000000075a500000| Complete 
| 148|0x000000075a600000, 0x000000075a700000, 0x000000075a700000|100%| S|CS|TAMS 0x000000075a600000, 0x000000075a600000| Complete 
| 149|0x000000075a700000, 0x000000075a800000, 0x000000075a800000|100%| S|CS|TAMS 0x000000075a700000, 0x000000075a700000| Complete 
| 150|0x000000075a800000, 0x000000075a800000, 0x000000075a900000|  0%| F|  |TAMS 0x000000075a800000, 0x000000075a800000| Untracked 
| 151|0x000000075a900000, 0x000000075a900000, 0x000000075aa00000|  0%| F|  |TAMS 0x000000075a900000, 0x000000075a900000| Untracked 
| 152|0x000000075aa00000, 0x000000075aa00000, 0x000000075ab00000|  0%| F|  |TAMS 0x000000075aa00000, 0x000000075aa00000| Untracked 
| 153|0x000000075ab00000, 0x000000075ab00000, 0x000000075ac00000|  0%| F|  |TAMS 0x000000075ab00000, 0x000000075ab00000| Untracked 
| 154|0x000000075ac00000, 0x000000075ac00000, 0x000000075ad00000|  0%| F|  |TAMS 0x000000075ac00000, 0x000000075ac00000| Untracked 
| 155|0x000000075ad00000, 0x000000075ad00000, 0x000000075ae00000|  0%| F|  |TAMS 0x000000075ad00000, 0x000000075ad00000| Untracked 
| 156|0x000000075ae00000, 0x000000075ae00000, 0x000000075af00000|  0%| F|  |TAMS 0x000000075ae00000, 0x000000075ae00000| Untracked 
| 157|0x000000075af00000, 0x000000075af00000, 0x000000075b000000|  0%| F|  |TAMS 0x000000075af00000, 0x000000075af00000| Untracked 
| 158|0x000000075b000000, 0x000000075b000000, 0x000000075b100000|  0%| F|  |TAMS 0x000000075b000000, 0x000000075b000000| Untracked 
| 159|0x000000075b100000, 0x000000075b100000, 0x000000075b200000|  0%| F|  |TAMS 0x000000075b100000, 0x000000075b100000| Untracked 
| 160|0x000000075b200000, 0x000000075b200000, 0x000000075b300000|  0%| F|  |TAMS 0x000000075b200000, 0x000000075b200000| Untracked 
| 161|0x000000075b300000, 0x000000075b300000, 0x000000075b400000|  0%| F|  |TAMS 0x000000075b300000, 0x000000075b300000| Untracked 
| 162|0x000000075b400000, 0x000000075b400000, 0x000000075b500000|  0%| F|  |TAMS 0x000000075b400000, 0x000000075b400000| Untracked 
| 163|0x000000075b500000, 0x000000075b600000, 0x000000075b600000|100%| S|CS|TAMS 0x000000075b500000, 0x000000075b500000| Complete 
| 164|0x000000075b600000, 0x000000075b700000, 0x000000075b700000|100%| S|CS|TAMS 0x000000075b600000, 0x000000075b600000| Complete 
| 165|0x000000075b700000, 0x000000075b800000, 0x000000075b800000|100%| S|CS|TAMS 0x000000075b700000, 0x000000075b700000| Complete 
| 166|0x000000075b800000, 0x000000075b900000, 0x000000075b900000|100%| S|CS|TAMS 0x000000075b800000, 0x000000075b800000| Complete 
| 167|0x000000075b900000, 0x000000075b900000, 0x000000075ba00000|  0%| F|  |TAMS 0x000000075b900000, 0x000000075b900000| Untracked 
| 168|0x000000075ba00000, 0x000000075ba00000, 0x000000075bb00000|  0%| F|  |TAMS 0x000000075ba00000, 0x000000075ba00000| Untracked 
| 169|0x000000075bb00000, 0x000000075bb00000, 0x000000075bc00000|  0%| F|  |TAMS 0x000000075bb00000, 0x000000075bb00000| Untracked 
| 170|0x000000075bc00000, 0x000000075bc00000, 0x000000075bd00000|  0%| F|  |TAMS 0x000000075bc00000, 0x000000075bc00000| Untracked 
| 171|0x000000075bd00000, 0x000000075bd00000, 0x000000075be00000|  0%| F|  |TAMS 0x000000075bd00000, 0x000000075bd00000| Untracked 
| 172|0x000000075be00000, 0x000000075be00000, 0x000000075bf00000|  0%| F|  |TAMS 0x000000075be00000, 0x000000075be00000| Untracked 
| 173|0x000000075bf00000, 0x000000075bf00000, 0x000000075c000000|  0%| F|  |TAMS 0x000000075bf00000, 0x000000075bf00000| Untracked 
| 174|0x000000075c000000, 0x000000075c000000, 0x000000075c100000|  0%| F|  |TAMS 0x000000075c000000, 0x000000075c000000| Untracked 
| 175|0x000000075c100000, 0x000000075c100000, 0x000000075c200000|  0%| F|  |TAMS 0x000000075c100000, 0x000000075c100000| Untracked 
| 176|0x000000075c200000, 0x000000075c200000, 0x000000075c300000|  0%| F|  |TAMS 0x000000075c200000, 0x000000075c200000| Untracked 
| 177|0x000000075c300000, 0x000000075c300000, 0x000000075c400000|  0%| F|  |TAMS 0x000000075c300000, 0x000000075c300000| Untracked 
| 178|0x000000075c400000, 0x000000075c400000, 0x000000075c500000|  0%| F|  |TAMS 0x000000075c400000, 0x000000075c400000| Untracked 
| 179|0x000000075c500000, 0x000000075c500000, 0x000000075c600000|  0%| F|  |TAMS 0x000000075c500000, 0x000000075c500000| Untracked 
| 180|0x000000075c600000, 0x000000075c600000, 0x000000075c700000|  0%| F|  |TAMS 0x000000075c600000, 0x000000075c600000| Untracked 
| 181|0x000000075c700000, 0x000000075c700000, 0x000000075c800000|  0%| F|  |TAMS 0x000000075c700000, 0x000000075c700000| Untracked 
| 182|0x000000075c800000, 0x000000075c800000, 0x000000075c900000|  0%| F|  |TAMS 0x000000075c800000, 0x000000075c800000| Untracked 
| 183|0x000000075c900000, 0x000000075c900000, 0x000000075ca00000|  0%| F|  |TAMS 0x000000075c900000, 0x000000075c900000| Untracked 
| 184|0x000000075ca00000, 0x000000075ca00000, 0x000000075cb00000|  0%| F|  |TAMS 0x000000075ca00000, 0x000000075ca00000| Untracked 
| 185|0x000000075cb00000, 0x000000075cb00000, 0x000000075cc00000|  0%| F|  |TAMS 0x000000075cb00000, 0x000000075cb00000| Untracked 
| 186|0x000000075cc00000, 0x000000075cc00000, 0x000000075cd00000|  0%| F|  |TAMS 0x000000075cc00000, 0x000000075cc00000| Untracked 
| 187|0x000000075cd00000, 0x000000075cd00000, 0x000000075ce00000|  0%| F|  |TAMS 0x000000075cd00000, 0x000000075cd00000| Untracked 
| 188|0x000000075ce00000, 0x000000075ce00000, 0x000000075cf00000|  0%| F|  |TAMS 0x000000075ce00000, 0x000000075ce00000| Untracked 
| 189|0x000000075cf00000, 0x000000075cf00000, 0x000000075d000000|  0%| F|  |TAMS 0x000000075cf00000, 0x000000075cf00000| Untracked 
| 190|0x000000075d000000, 0x000000075d000000, 0x000000075d100000|  0%| F|  |TAMS 0x000000075d000000, 0x000000075d000000| Untracked 
| 191|0x000000075d100000, 0x000000075d100000, 0x000000075d200000|  0%| F|  |TAMS 0x000000075d100000, 0x000000075d100000| Untracked 
| 192|0x000000075d200000, 0x000000075d200000, 0x000000075d300000|  0%| F|  |TAMS 0x000000075d200000, 0x000000075d200000| Untracked 
| 193|0x000000075d300000, 0x000000075d300000, 0x000000075d400000|  0%| F|  |TAMS 0x000000075d300000, 0x000000075d300000| Untracked 
| 194|0x000000075d400000, 0x000000075d400000, 0x000000075d500000|  0%| F|  |TAMS 0x000000075d400000, 0x000000075d400000| Untracked 
| 195|0x000000075d500000, 0x000000075d500000, 0x000000075d600000|  0%| F|  |TAMS 0x000000075d500000, 0x000000075d500000| Untracked 
| 196|0x000000075d600000, 0x000000075d600000, 0x000000075d700000|  0%| F|  |TAMS 0x000000075d600000, 0x000000075d600000| Untracked 
| 197|0x000000075d700000, 0x000000075d700000, 0x000000075d800000|  0%| F|  |TAMS 0x000000075d700000, 0x000000075d700000| Untracked 
| 198|0x000000075d800000, 0x000000075d800000, 0x000000075d900000|  0%| F|  |TAMS 0x000000075d800000, 0x000000075d800000| Untracked 
| 199|0x000000075d900000, 0x000000075d900000, 0x000000075da00000|  0%| F|  |TAMS 0x000000075d900000, 0x000000075d900000| Untracked 
| 200|0x000000075da00000, 0x000000075da00000, 0x000000075db00000|  0%| F|  |TAMS 0x000000075da00000, 0x000000075da00000| Untracked 
| 201|0x000000075db00000, 0x000000075db00000, 0x000000075dc00000|  0%| F|  |TAMS 0x000000075db00000, 0x000000075db00000| Untracked 
| 202|0x000000075dc00000, 0x000000075dc00000, 0x000000075dd00000|  0%| F|  |TAMS 0x000000075dc00000, 0x000000075dc00000| Untracked 
| 203|0x000000075dd00000, 0x000000075dd80800, 0x000000075de00000| 50%| E|  |TAMS 0x000000075dd00000, 0x000000075dd00000| Complete 
| 204|0x000000075de00000, 0x000000075df00000, 0x000000075df00000|100%| E|CS|TAMS 0x000000075de00000, 0x000000075de00000| Complete 
| 205|0x000000075df00000, 0x000000075e000000, 0x000000075e000000|100%| E|CS|TAMS 0x000000075df00000, 0x000000075df00000| Complete 
| 206|0x000000075e000000, 0x000000075e100000, 0x000000075e100000|100%| E|CS|TAMS 0x000000075e000000, 0x000000075e000000| Complete 
| 207|0x000000075e100000, 0x000000075e200000, 0x000000075e200000|100%| E|CS|TAMS 0x000000075e100000, 0x000000075e100000| Complete 
| 208|0x000000075e200000, 0x000000075e300000, 0x000000075e300000|100%| E|CS|TAMS 0x000000075e200000, 0x000000075e200000| Complete 
| 209|0x000000075e300000, 0x000000075e400000, 0x000000075e400000|100%| E|CS|TAMS 0x000000075e300000, 0x000000075e300000| Complete 
| 210|0x000000075e400000, 0x000000075e500000, 0x000000075e500000|100%| E|CS|TAMS 0x000000075e400000, 0x000000075e400000| Complete 
| 211|0x000000075e500000, 0x000000075e600000, 0x000000075e600000|100%| E|CS|TAMS 0x000000075e500000, 0x000000075e500000| Complete 
| 212|0x000000075e600000, 0x000000075e700000, 0x000000075e700000|100%| E|CS|TAMS 0x000000075e600000, 0x000000075e600000| Complete 
| 213|0x000000075e700000, 0x000000075e800000, 0x000000075e800000|100%| E|CS|TAMS 0x000000075e700000, 0x000000075e700000| Complete 
| 214|0x000000075e800000, 0x000000075e900000, 0x000000075e900000|100%| E|CS|TAMS 0x000000075e800000, 0x000000075e800000| Complete 
| 215|0x000000075e900000, 0x000000075ea00000, 0x000000075ea00000|100%| E|CS|TAMS 0x000000075e900000, 0x000000075e900000| Complete 
| 216|0x000000075ea00000, 0x000000075eb00000, 0x000000075eb00000|100%| E|CS|TAMS 0x000000075ea00000, 0x000000075ea00000| Complete 
| 217|0x000000075eb00000, 0x000000075ec00000, 0x000000075ec00000|100%| E|CS|TAMS 0x000000075eb00000, 0x000000075eb00000| Complete 
| 218|0x000000075ec00000, 0x000000075ed00000, 0x000000075ed00000|100%| E|CS|TAMS 0x000000075ec00000, 0x000000075ec00000| Complete 
| 219|0x000000075ed00000, 0x000000075ee00000, 0x000000075ee00000|100%| E|CS|TAMS 0x000000075ed00000, 0x000000075ed00000| Complete 
| 220|0x000000075ee00000, 0x000000075ef00000, 0x000000075ef00000|100%| E|CS|TAMS 0x000000075ee00000, 0x000000075ee00000| Complete 
| 221|0x000000075ef00000, 0x000000075f000000, 0x000000075f000000|100%| E|CS|TAMS 0x000000075ef00000, 0x000000075ef00000| Complete 
| 222|0x000000075f000000, 0x000000075f100000, 0x000000075f100000|100%| E|CS|TAMS 0x000000075f000000, 0x000000075f000000| Complete 
| 223|0x000000075f100000, 0x000000075f200000, 0x000000075f200000|100%| E|CS|TAMS 0x000000075f100000, 0x000000075f100000| Complete 
| 224|0x000000075f200000, 0x000000075f300000, 0x000000075f300000|100%| E|CS|TAMS 0x000000075f200000, 0x000000075f200000| Complete 
| 225|0x000000075f300000, 0x000000075f400000, 0x000000075f400000|100%| E|CS|TAMS 0x000000075f300000, 0x000000075f300000| Complete 
| 226|0x000000075f400000, 0x000000075f500000, 0x000000075f500000|100%| E|CS|TAMS 0x000000075f400000, 0x000000075f400000| Complete 
| 227|0x000000075f500000, 0x000000075f600000, 0x000000075f600000|100%| E|CS|TAMS 0x000000075f500000, 0x000000075f500000| Complete 
| 228|0x000000075f600000, 0x000000075f700000, 0x000000075f700000|100%| E|CS|TAMS 0x000000075f600000, 0x000000075f600000| Complete 
| 229|0x000000075f700000, 0x000000075f800000, 0x000000075f800000|100%| E|CS|TAMS 0x000000075f700000, 0x000000075f700000| Complete 
| 230|0x000000075f800000, 0x000000075f900000, 0x000000075f900000|100%| E|CS|TAMS 0x000000075f800000, 0x000000075f800000| Complete 
| 231|0x000000075f900000, 0x000000075fa00000, 0x000000075fa00000|100%| E|CS|TAMS 0x000000075f900000, 0x000000075f900000| Complete 
| 232|0x000000075fa00000, 0x000000075fb00000, 0x000000075fb00000|100%| E|CS|TAMS 0x000000075fa00000, 0x000000075fa00000| Complete 
| 233|0x000000075fb00000, 0x000000075fc00000, 0x000000075fc00000|100%| E|CS|TAMS 0x000000075fb00000, 0x000000075fb00000| Complete 
| 234|0x000000075fc00000, 0x000000075fd00000, 0x000000075fd00000|100%| E|CS|TAMS 0x000000075fc00000, 0x000000075fc00000| Complete 
| 235|0x000000075fd00000, 0x000000075fe00000, 0x000000075fe00000|100%| E|CS|TAMS 0x000000075fd00000, 0x000000075fd00000| Complete 
| 236|0x000000075fe00000, 0x000000075ff00000, 0x000000075ff00000|100%| E|CS|TAMS 0x000000075fe00000, 0x000000075fe00000| Complete 
| 237|0x000000075ff00000, 0x0000000760000000, 0x0000000760000000|100%| E|CS|TAMS 0x000000075ff00000, 0x000000075ff00000| Complete 
| 238|0x0000000760000000, 0x0000000760100000, 0x0000000760100000|100%| E|CS|TAMS 0x0000000760000000, 0x0000000760000000| Complete 
| 239|0x0000000760100000, 0x0000000760200000, 0x0000000760200000|100%| E|CS|TAMS 0x0000000760100000, 0x0000000760100000| Complete 
| 240|0x0000000760200000, 0x0000000760300000, 0x0000000760300000|100%| E|CS|TAMS 0x0000000760200000, 0x0000000760200000| Complete 
| 241|0x0000000760300000, 0x0000000760400000, 0x0000000760400000|100%| E|CS|TAMS 0x0000000760300000, 0x0000000760300000| Complete 
| 242|0x0000000760400000, 0x0000000760500000, 0x0000000760500000|100%| E|CS|TAMS 0x0000000760400000, 0x0000000760400000| Complete 
| 243|0x0000000760500000, 0x0000000760600000, 0x0000000760600000|100%| E|CS|TAMS 0x0000000760500000, 0x0000000760500000| Complete 
| 244|0x0000000760600000, 0x0000000760700000, 0x0000000760700000|100%| E|CS|TAMS 0x0000000760600000, 0x0000000760600000| Complete 
| 245|0x0000000760700000, 0x0000000760800000, 0x0000000760800000|100%| E|CS|TAMS 0x0000000760700000, 0x0000000760700000| Complete 
| 246|0x0000000760800000, 0x0000000760900000, 0x0000000760900000|100%| E|CS|TAMS 0x0000000760800000, 0x0000000760800000| Complete 
| 247|0x0000000760900000, 0x0000000760a00000, 0x0000000760a00000|100%| E|CS|TAMS 0x0000000760900000, 0x0000000760900000| Complete 
| 248|0x0000000760a00000, 0x0000000760b00000, 0x0000000760b00000|100%| E|CS|TAMS 0x0000000760a00000, 0x0000000760a00000| Complete 
| 249|0x0000000760b00000, 0x0000000760c00000, 0x0000000760c00000|100%| E|CS|TAMS 0x0000000760b00000, 0x0000000760b00000| Complete 
| 250|0x0000000760c00000, 0x0000000760d00000, 0x0000000760d00000|100%| E|CS|TAMS 0x0000000760c00000, 0x0000000760c00000| Complete 
| 251|0x0000000760d00000, 0x0000000760e00000, 0x0000000760e00000|100%| E|CS|TAMS 0x0000000760d00000, 0x0000000760d00000| Complete 
| 252|0x0000000760e00000, 0x0000000760f00000, 0x0000000760f00000|100%| E|CS|TAMS 0x0000000760e00000, 0x0000000760e00000| Complete 
| 253|0x0000000760f00000, 0x0000000761000000, 0x0000000761000000|100%| E|CS|TAMS 0x0000000760f00000, 0x0000000760f00000| Complete 
| 254|0x0000000761000000, 0x0000000761100000, 0x0000000761100000|100%| E|CS|TAMS 0x0000000761000000, 0x0000000761000000| Complete 

Card table byte_map: [0x00000280fa130000,0x00000280fa6b0000] _byte_map_base: 0x00000280f66a7000

Marking Bits (Prev, Next): (CMBitMap*) 0x00000280e1716dc0, (CMBitMap*) 0x00000280e1716d88
 Prev Bits: [0x0000028080000000, 0x0000028082bb8000)
 Next Bits: [0x00000280fac30000, 0x00000280fd7e8000)

Polling page: 0x00000280e17b0000

Metaspace:

Usage:
  Non-class:     78.66 MB capacity,    78.04 MB (>99%) used,   488.56 KB ( <1%) free+waste,   147.94 KB ( <1%) overhead. 
      Class:      9.83 MB capacity,     9.44 MB ( 96%) used,   337.28 KB (  3%) free+waste,    61.81 KB ( <1%) overhead. 
       Both:     88.49 MB capacity,    87.48 MB ( 99%) used,   825.84 KB ( <1%) free+waste,   209.75 KB ( <1%) overhead. 

Virtual space:
  Non-class space:       80.00 MB reserved,      78.74 MB ( 98%) committed 
      Class space:        1.00 GB reserved,       9.88 MB ( <1%) committed 
             Both:        1.08 GB reserved,      88.62 MB (  8%) committed 

Chunk freelists:
   Non-Class:  10.38 KB
       Class:  1.50 KB
        Both:  11.88 KB

CodeHeap 'non-profiled nmethods': size=120064Kb used=8382Kb max_used=8382Kb free=111681Kb
 bounds [0x00000280f2040000, 0x00000280f2880000, 0x00000280f9580000]
CodeHeap 'profiled nmethods': size=120000Kb used=49680Kb max_used=49680Kb free=70319Kb
 bounds [0x00000280eab10000, 0x00000280edbd0000, 0x00000280f2040000]
CodeHeap 'non-nmethods': size=5696Kb used=1337Kb max_used=1415Kb free=4358Kb
 bounds [0x00000280ea580000, 0x00000280ea7f0000, 0x00000280eab10000]
 total_blobs=16071 nmethods=15363 adapters=616
 compilation: enabled
              stopped_count=0, restarted_count=0
 full_count=0

Compilation events (10 events):
Event: 58.004 Thread 0x00000280833cb000 nmethod 17265 0x00000280eb523c10 code [0x00000280eb523da0, 0x00000280eb523eb8]
Event: 58.006 Thread 0x00000280833cb000 17266       2       org.jetbrains.kotlin.resolve.OverridingUtil$6::invoke (9 bytes)
Event: 58.006 Thread 0x00000280833cb000 nmethod 17266 0x00000280eb52ca10 code [0x00000280eb52cba0, 0x00000280eb52ccf8]
Event: 58.007 Thread 0x00000280833cb000 17267       2       org.jetbrains.kotlin.resolve.OverridingUtil$6::invoke (2 bytes)
Event: 58.007 Thread 0x00000280833cb000 nmethod 17267 0x00000280eac64010 code [0x00000280eac641a0, 0x00000280eac64298]
Event: 58.012 Thread 0x00000280833cb000 17268   !   2       org.jetbrains.kotlin.backend.common.LowerKt::runOnFilePostfix (108 bytes)
Event: 58.015 Thread 0x00000280833cb000 nmethod 17268 0x00000280edbbd190 code [0x00000280edbbd480, 0x00000280edbbdfb8]
Event: 58.015 Thread 0x00000280833cb000 17269       2       org.jetbrains.kotlin.backend.common.DeclarationTransformer$Visitor::visitErrorExpression (13 bytes)
Event: 58.017 Thread 0x00000280833cb000 nmethod 17269 0x00000280edbbe690 code [0x00000280edbbe8e0, 0x00000280edbbede8]
Event: 58.017 Thread 0x00000280833cb000 17270       2       org.jetbrains.kotlin.backend.common.DeclarationTransformer$Visitor::visitErrorExpression (7 bytes)

GC Heap History (10 events):
Event: 26.332 GC heap before
{Heap before GC invocations=10 (full 0):
 garbage-first heap   total 217088K, used 149851K [0x0000000751200000, 0x0000000800000000)
  region size 1024K, 102 young (104448K), 13 survivors (13312K)
 Metaspace       used 65388K, capacity 66285K, committed 66384K, reserved 1107968K
  class space    used 7514K, capacity 7881K, committed 7936K, reserved 1048576K
}
Event: 26.381 GC heap after
{Heap after GC invocations=11 (full 0):
 garbage-first heap   total 217088K, used 67030K [0x0000000751200000, 0x0000000800000000)
  region size 1024K, 8 young (8192K), 8 survivors (8192K)
 Metaspace       used 65388K, capacity 66285K, committed 66384K, reserved 1107968K
  class space    used 7514K, capacity 7881K, committed 7936K, reserved 1048576K
}
Event: 36.417 GC heap before
{Heap before GC invocations=11 (full 0):
 garbage-first heap   total 217088K, used 157142K [0x0000000751200000, 0x0000000800000000)
  region size 1024K, 96 young (98304K), 8 survivors (8192K)
 Metaspace       used 70273K, capacity 71173K, committed 71376K, reserved 1112064K
  class space    used 7859K, capacity 8235K, committed 8320K, reserved 1048576K
}
Event: 36.474 GC heap after
{Heap after GC invocations=12 (full 0):
 garbage-first heap   total 217088K, used 80384K [0x0000000751200000, 0x0000000800000000)
  region size 1024K, 12 young (12288K), 12 survivors (12288K)
 Metaspace       used 70273K, capacity 71173K, committed 71376K, reserved 1112064K
  class space    used 7859K, capacity 8235K, committed 8320K, reserved 1048576K
}
Event: 47.452 GC heap before
{Heap before GC invocations=12 (full 0):
 garbage-first heap   total 217088K, used 165376K [0x0000000751200000, 0x0000000800000000)
  region size 1024K, 92 young (94208K), 12 survivors (12288K)
 Metaspace       used 72200K, capacity 73100K, committed 73296K, reserved 1114112K
  class space    used 7976K, capacity 8339K, committed 8448K, reserved 1048576K
}
Event: 47.500 GC heap after
{Heap after GC invocations=13 (full 0):
 garbage-first heap   total 261120K, used 91136K [0x0000000751200000, 0x0000000800000000)
  region size 1024K, 8 young (8192K), 8 survivors (8192K)
 Metaspace       used 72200K, capacity 73100K, committed 73296K, reserved 1114112K
  class space    used 7976K, capacity 8339K, committed 8448K, reserved 1048576K
}
Event: 52.883 GC heap before
{Heap before GC invocations=13 (full 0):
 garbage-first heap   total 261120K, used 184320K [0x0000000751200000, 0x0000000800000000)
  region size 1024K, 100 young (102400K), 8 survivors (8192K)
 Metaspace       used 82625K, capacity 83583K, committed 83760K, reserved 1124352K
  class space    used 8990K, capacity 9388K, committed 9472K, reserved 1048576K
}
Event: 52.931 GC heap after
{Heap after GC invocations=14 (full 0):
 garbage-first heap   total 261120K, used 104960K [0x0000000751200000, 0x0000000800000000)
  region size 1024K, 13 young (13312K), 13 survivors (13312K)
 Metaspace       used 82625K, capacity 83583K, committed 83760K, reserved 1124352K
  class space    used 8990K, capacity 9388K, committed 9472K, reserved 1048576K
}
Event: 56.397 GC heap before
{Heap before GC invocations=15 (full 0):
 garbage-first heap   total 261120K, used 193024K [0x0000000751200000, 0x0000000800000000)
  region size 1024K, 101 young (103424K), 13 survivors (13312K)
 Metaspace       used 88819K, capacity 89779K, committed 89976K, reserved 1130496K
  class space    used 9608K, capacity 10002K, committed 10112K, reserved 1048576K
}
Event: 56.442 GC heap after
{Heap after GC invocations=16 (full 0):
 garbage-first heap   total 261120K, used 112128K [0x0000000751200000, 0x0000000800000000)
  region size 1024K, 10 young (10240K), 10 survivors (10240K)
 Metaspace       used 88819K, capacity 89779K, committed 89976K, reserved 1130496K
  class space    used 9608K, capacity 10002K, committed 10112K, reserved 1048576K
}

Deoptimization events (10 events):
Event: 55.648 Thread 0x00000280e16cc000 Uncommon trap: reason=unstable_if action=reinterpret pc=0x00000280f237c648 method=org.jetbrains.kotlin.ir.util.IrFakeOverrideUtilsKt.isFakeOverride(Lorg/jetbrains/kotlin/ir/declarations/IrDeclaration;)Z @ 29 c2
Event: 57.359 Thread 0x00000280e16cc000 Uncommon trap: reason=unstable_if action=reinterpret pc=0x00000280f249daac method=org.jetbrains.kotlin.backend.jvm.MemoizedInlineClassReplacements$getReplacementFunction$1.invoke(Lorg/jetbrains/kotlin/ir/declarations/IrFunction;)Lorg/jetbrains/kotlin/ir/d
Event: 57.407 Thread 0x00000280e16cc000 Uncommon trap: reason=bimorphic_or_optimized_type_check action=maybe_recompile pc=0x00000280f25977d4 method=org.jetbrains.org.objectweb.asm.ClassReader.accept(Lorg/jetbrains/org/objectweb/asm/ClassVisitor;[Lorg/jetbrains/org/objectweb/asm/Attribute;I)V @ 
Event: 57.410 Thread 0x00000280e16cc000 Uncommon trap: reason=bimorphic_or_optimized_type_check action=maybe_recompile pc=0x00000280f25977d4 method=org.jetbrains.org.objectweb.asm.ClassReader.accept(Lorg/jetbrains/org/objectweb/asm/ClassVisitor;[Lorg/jetbrains/org/objectweb/asm/Attribute;I)V @ 
Event: 57.565 Thread 0x00000280e16cc000 Uncommon trap: reason=speculate_class_check action=maybe_recompile pc=0x00000280f23bffb0 method=org.jetbrains.kotlin.backend.common.DeclarationTransformer$Visitor.visitFunction(Lorg/jetbrains/kotlin/ir/declarations/IrFunction;)V @ 18 c2
Event: 57.565 Thread 0x00000280e16cc000 Uncommon trap: reason=speculate_class_check action=maybe_recompile pc=0x00000280f23bffb0 method=org.jetbrains.kotlin.backend.common.DeclarationTransformer$Visitor.visitFunction(Lorg/jetbrains/kotlin/ir/declarations/IrFunction;)V @ 18 c2
Event: 57.565 Thread 0x00000280e16cc000 Uncommon trap: reason=speculate_class_check action=maybe_recompile pc=0x00000280f23bffb0 method=org.jetbrains.kotlin.backend.common.DeclarationTransformer$Visitor.visitFunction(Lorg/jetbrains/kotlin/ir/declarations/IrFunction;)V @ 18 c2
Event: 57.576 Thread 0x00000280e16cc000 Uncommon trap: reason=speculate_class_check action=maybe_recompile pc=0x00000280f23bffb0 method=org.jetbrains.kotlin.backend.common.DeclarationTransformer$Visitor.visitFunction(Lorg/jetbrains/kotlin/ir/declarations/IrFunction;)V @ 18 c2
Event: 58.007 Thread 0x00000280e16cc000 Uncommon trap: reason=bimorphic_or_optimized_type_check action=maybe_recompile pc=0x00000280f2713130 method=org.jetbrains.kotlin.descriptors.impl.FunctionDescriptorImpl.isOperator()Z @ 44 c2
Event: 58.007 Thread 0x00000280e16cc000 Uncommon trap: reason=bimorphic_or_optimized_type_check action=maybe_recompile pc=0x00000280f276f048 method=org.jetbrains.kotlin.descriptors.impl.FunctionDescriptorImpl.isInfix()Z @ 44 c2

Classes redefined (0 events):
No events

Internal exceptions (10 events):
Event: 48.230 Thread 0x00000280e16cc000 Exception <a 'java/lang/NoSuchMethodError'{0x00000007600c0270}: java.lang.invoke.DirectMethodHandle$Holder.invokeSpecial(Ljava/lang/Object;Ljava/lang/Object;Ljava/lang/Object;Ljava/lang/Object;IILjava/lang/Object;Ljava/lang/Object;)Ljava/lang/Object;> (0x
Event: 48.231 Thread 0x00000280e16cc000 Exception <a 'java/lang/NoSuchMethodError'{0x00000007600c3920}: java.lang.invoke.Invokers$Holder.linkToTargetMethod(Ljava/lang/Object;Ljava/lang/Object;IILjava/lang/Object;Ljava/lang/Object;Ljava/lang/Object;)Ljava/lang/Object;> (0x00000007600c3920) throw
Event: 48.336 Thread 0x00000280e16cc000 Exception <a 'java/lang/NoSuchMethodError'{0x000000075fd8af80}: java.lang.invoke.DirectMethodHandle$Holder.invokeStatic(Ljava/lang/Object;Ljava/lang/Object;Ljava/lang/Object;IILjava/lang/Object;Ljava/lang/Object;Ljava/lang/Object;)Ljava/lang/Object;> (0x0
Event: 48.337 Thread 0x00000280e16cc000 Exception <a 'java/lang/NoSuchMethodError'{0x000000075fd92fb8}: java.lang.invoke.DirectMethodHandle$Holder.invokeStatic(Ljava/lang/Object;Ljava/lang/Object;Ljava/lang/Object;II)Ljava/lang/Object;> (0x000000075fd92fb8) thrown at [./open/src/hotspot/share/i
Event: 48.338 Thread 0x00000280e16cc000 Exception <a 'java/lang/NoSuchMethodError'{0x000000075fd96790}: java.lang.invoke.DirectMethodHandle$Holder.invokeSpecial(Ljava/lang/Object;Ljava/lang/Object;Ljava/lang/Object;Ljava/lang/Object;II)Ljava/lang/Object;> (0x000000075fd96790) thrown at [./open/
Event: 48.339 Thread 0x00000280e16cc000 Exception <a 'java/lang/NoSuchMethodError'{0x000000075fd99890}: java.lang.invoke.Invokers$Holder.linkToTargetMethod(Ljava/lang/Object;Ljava/lang/Object;IILjava/lang/Object;)Ljava/lang/Object;> (0x000000075fd99890) thrown at [./open/src/hotspot/share/inter
Event: 48.576 Thread 0x00000280e16cc000 Exception <a 'java/lang/NoSuchMethodError'{0x000000075fa43298}: java.lang.invoke.DirectMethodHandle$Holder.invokeSpecial(Ljava/lang/Object;Ljava/lang/Object;IILjava/lang/Object;Ljava/lang/Object;Ljava/lang/Object;Ljava/lang/Object;Ljava/lang/Object;)Ljava
Event: 48.755 Thread 0x00000280e16cc000 Implicit null exception at 0x00000280f20a3bd4 to 0x00000280f20a3df4
Event: 51.218 Thread 0x00000280e16cc000 Exception <a 'java/lang/NoSuchMethodError'{0x000000075d39e8a8}: java.lang.invoke.DirectMethodHandle$Holder.invokeStatic(Ljava/lang/Object;Ljava/lang/Object;IILjava/lang/Object;Ljava/lang/Object;Ljava/lang/Object;)Ljava/lang/Object;> (0x000000075d39e8a8) t
Event: 51.219 Thread 0x00000280e16cc000 Exception <a 'java/lang/NoSuchMethodError'{0x000000075d3a2450}: java.lang.invoke.DirectMethodHandle$Holder.invokeSpecial(Ljava/lang/Object;Ljava/lang/Object;Ljava/lang/Object;IILjava/lang/Object;Ljava/lang/Object;Ljava/lang/Object;)Ljava/lang/Object;> (0x

Events (10 events):
Event: 57.975 loading class org/jetbrains/kotlin/backend/common/lower/loops/HeaderProcessorKt
Event: 57.975 loading class org/jetbrains/kotlin/backend/common/lower/loops/HeaderProcessorKt done
Event: 57.977 loading class org/jetbrains/kotlin/backend/jvm/lower/JvmOptimizationLowering$Transformer$reuseLoopVariableAsInductionVariableIfPossible$remapper$1
Event: 57.977 loading class org/jetbrains/kotlin/backend/jvm/lower/JvmOptimizationLowering$Transformer$reuseLoopVariableAsInductionVariableIfPossible$remapper$1 done
Event: 58.007 Thread 0x00000280e16cc000 Uncommon trap: trap_request=0xffffffc6 fr.pc=0x00000280f2713130 relative=0x0000000000000570
Event: 58.007 Thread 0x00000280e16cc000 DEOPT PACKING pc=0x00000280f2713130 sp=0x000000cbb4cfbdd0
Event: 58.007 Thread 0x00000280e16cc000 DEOPT UNPACKING pc=0x00000280ea5a682f sp=0x000000cbb4cfbd58 mode 2
Event: 58.007 Thread 0x00000280e16cc000 Uncommon trap: trap_request=0xffffffc6 fr.pc=0x00000280f276f048 relative=0x0000000000000588
Event: 58.007 Thread 0x00000280e16cc000 DEOPT PACKING pc=0x00000280f276f048 sp=0x000000cbb4cfbdc0
Event: 58.007 Thread 0x00000280e16cc000 DEOPT UNPACKING pc=0x00000280ea5a682f sp=0x000000cbb4cfbd58 mode 2


Dynamic libraries:
0x00007ff78f160000 - 0x00007ff78f170000 	C:\Program Files\Java\jdk-11\bin\java.exe
0x00007ff8b0bf0000 - 0x00007ff8b0de5000 	C:\Windows\SYSTEM32\ntdll.dll
0x00007ff8aef50000 - 0x00007ff8af00e000 	C:\Windows\System32\KERNEL32.DLL
0x00007ff8ae400000 - 0x00007ff8ae6c9000 	C:\Windows\System32\KERNELBASE.dll
0x00007ff8ae6d0000 - 0x00007ff8ae7d0000 	C:\Windows\System32\ucrtbase.dll
0x00007ff8805d0000 - 0x00007ff8805eb000 	C:\Program Files\Java\jdk-11\bin\VCRUNTIME140.dll
0x00007ff8961f0000 - 0x00007ff896208000 	C:\Program Files\Java\jdk-11\bin\jli.dll
0x00007ff8b0700000 - 0x00007ff8b07ac000 	C:\Windows\System32\ADVAPI32.dll
0x00007ff8af080000 - 0x00007ff8af11e000 	C:\Windows\System32\msvcrt.dll
0x00007ff8afa80000 - 0x00007ff8afb1b000 	C:\Windows\System32\sechost.dll
0x00007ff8afe90000 - 0x00007ff8affba000 	C:\Windows\System32\RPCRT4.dll
0x00007ff8aed70000 - 0x00007ff8aef11000 	C:\Windows\System32\USER32.dll
0x00007ff8ae830000 - 0x00007ff8ae852000 	C:\Windows\System32\win32u.dll
0x00007ff89f9c0000 - 0x00007ff89fc5a000 	C:\Windows\WinSxS\amd64_microsoft.windows.common-controls_6595b64144ccf1df_6.0.19041.1110_none_60b5254171f9507e\COMCTL32.dll
0x00007ff8af5a0000 - 0x00007ff8af5cb000 	C:\Windows\System32\GDI32.dll
0x00007ff8aeaa0000 - 0x00007ff8aebab000 	C:\Windows\System32\gdi32full.dll
0x00007ff8ae360000 - 0x00007ff8ae3fd000 	C:\Windows\System32\msvcp_win.dll
0x00007ff8a5030000 - 0x00007ff8a503a000 	C:\Windows\SYSTEM32\VERSION.dll
0x00007ff8aef20000 - 0x00007ff8aef50000 	C:\Windows\System32\IMM32.DLL
0x00007ff8a7ae0000 - 0x00007ff8a7aec000 	C:\Program Files\Java\jdk-11\bin\vcruntime140_1.dll
0x00007ff87b530000 - 0x00007ff87b5be000 	C:\Program Files\Java\jdk-11\bin\msvcp140.dll
0x00007ff879fd0000 - 0x00007ff87ab38000 	C:\Program Files\Java\jdk-11\bin\server\jvm.dll
0x00007ff8af070000 - 0x00007ff8af078000 	C:\Windows\System32\PSAPI.DLL
0x00007ff8a5000000 - 0x00007ff8a5027000 	C:\Windows\SYSTEM32\WINMM.dll
0x00007ff8a9ff0000 - 0x00007ff8a9ff9000 	C:\Windows\SYSTEM32\WSOCK32.dll
0x00007ff8af6b0000 - 0x00007ff8af71b000 	C:\Windows\System32\WS2_32.dll
0x00007ff8ac210000 - 0x00007ff8ac222000 	C:\Windows\SYSTEM32\kernel.appcore.dll
0x00007ff89e4b0000 - 0x00007ff89e4c0000 	C:\Program Files\Java\jdk-11\bin\verify.dll
0x00007ff89ab60000 - 0x00007ff89ad44000 	C:\Windows\SYSTEM32\DBGHELP.DLL
0x00007ff89ab30000 - 0x00007ff89ab5c000 	C:\Windows\SYSTEM32\dbgcore.DLL
0x00007ff8aebb0000 - 0x00007ff8aec33000 	C:\Windows\System32\bcryptPrimitives.dll
0x00007ff87b500000 - 0x00007ff87b528000 	C:\Program Files\Java\jdk-11\bin\java.dll
0x00007ff89adf0000 - 0x00007ff89adfa000 	C:\Program Files\Java\jdk-11\bin\jimage.dll
0x00007ff880300000 - 0x00007ff880317000 	C:\Program Files\Java\jdk-11\bin\zip.dll
0x00007ff8affc0000 - 0x00007ff8b06ff000 	C:\Windows\System32\SHELL32.dll
0x00007ff8ac410000 - 0x00007ff8acba0000 	C:\Windows\SYSTEM32\windows.storage.dll
0x00007ff8af720000 - 0x00007ff8afa75000 	C:\Windows\System32\combase.dll
0x00007ff8adc90000 - 0x00007ff8adcbc000 	C:\Windows\SYSTEM32\Wldp.dll
0x00007ff8afb20000 - 0x00007ff8afbcd000 	C:\Windows\System32\SHCORE.dll
0x00007ff8b08d0000 - 0x00007ff8b0925000 	C:\Windows\System32\shlwapi.dll
0x00007ff8ae250000 - 0x00007ff8ae26f000 	C:\Windows\SYSTEM32\profapi.dll
0x00007ff87dbb0000 - 0x00007ff87dbc9000 	C:\Program Files\Java\jdk-11\bin\net.dll
0x00007ff8a08d0000 - 0x00007ff8a09d8000 	C:\Windows\SYSTEM32\WINHTTP.dll
0x00007ff8ad9f0000 - 0x00007ff8ada5a000 	C:\Windows\system32\mswsock.dll
0x00007ff87b4e0000 - 0x00007ff87b4f2000 	C:\Program Files\Java\jdk-11\bin\nio.dll

dbghelp: loaded successfully - version: 4.0.5 - missing functions: none
symbol engine: initialized successfully - sym options: 0x614 - pdb path: .;C:\Program Files\Java\jdk-11\bin;C:\Windows\SYSTEM32;C:\Windows\WinSxS\amd64_microsoft.windows.common-controls_6595b64144ccf1df_6.0.19041.1110_none_60b5254171f9507e;C:\Program Files\Java\jdk-11\bin\server

VM Arguments:
java_command: org.jetbrains.kotlin.cli.jvm.K2JVMCompiler @C:\Users\ades\AndroidStudioProjects\MyStoryApp2\app\build\20230502_3116743115732505764.compiler.options
java_class_path (initial): C:\Users\ades\.gradle\caches\modules-2\files-2.1\org.jetbrains.kotlin\kotlin-compiler-embeddable\1.8.0\eb9118d4bcceaa2a94b2ae2a33a4ddba7c9a947f\kotlin-compiler-embeddable-1.8.0.jar;C:\Users\ades\.gradle\caches\modules-2\files-2.1\org.jetbrains.kotlin\kotlin-stdlib\1.8.0\1796921c7a3e2e2665a83e6c8d33399336cd39bc\kotlin-stdlib-1.8.0.jar;C:\Users\ades\.gradle\caches\modules-2\files-2.1\org.jetbrains.kotlin\kotlin-script-runtime\1.8.0\b2f7e760d283cb339974851c222a4c1d48f2d3d\kotlin-script-runtime-1.8.0.jar;C:\Users\ades\.gradle\caches\modules-2\files-2.1\org.jetbrains.kotlin\kotlin-reflect\1.6.10\1cbe9c92c12a94eea200d23c2bbaedaf3daf5132\kotlin-reflect-1.6.10.jar;C:\Users\ades\.gradle\caches\modules-2\files-2.1\org.jetbrains.kotlin\kotlin-daemon-embeddable\1.8.0\d255216c551685dc3a7e852b53617f5f01aaaa5c\kotlin-daemon-embeddable-1.8.0.jar;C:\Users\ades\.gradle\caches\modules-2\files-2.1\org.jetbrains.intellij.deps\trove4j\1.0.20200330\3afb14d5f9ceb459d724e907a21145e8ff394f02\trove4j-1.0.20200330.jar;C:\Users\ades\.gradle\caches\modules-2\files-2.1\net.java.dev.jna\jna\5.6.0\330f2244e9030119ab3030fc3fededc86713d9cc\jna-5.6.0.jar;C:\Users\ades\.gradle\caches\modules-2\files-2.1\org.jetbrains.kotlin\kotlin-stdlib-common\1.8.0\f7197e7cc76453ac59f8b0f8d5137cc600becd36\kotlin-stdlib-common-1.8.0.jar;C:\Users\ades\.gradle\caches\modules-2\files-2.1\org.jetbrains\annotations\13.0\919f0dfe192fb4e063e7dacadee7f8bb9a2672a9\annotations-13.0.jar
Launcher Type: SUN_STANDARD

[Global flags]
     intx CICompilerCount                          = 3                                         {product} {ergonomic}
     uint ConcGCThreads                            = 1                                         {product} {ergonomic}
     uint G1ConcRefinementThreads                  = 4                                         {product} {ergonomic}
   size_t G1HeapRegionSize                         = 1048576                                   {product} {ergonomic}
    uintx GCDrainStackTargetSize                   = 64                                        {product} {ergonomic}
   size_t InitialHeapSize                          = 184549376                                 {product} {ergonomic}
   size_t MarkStackSize                            = 4194304                                   {product} {ergonomic}
   size_t MaxHeapSize                              = 2933915648                                {product} {ergonomic}
   size_t MaxNewSize                               = 1759510528                                {product} {ergonomic}
   size_t MinHeapDeltaBytes                        = 1048576                                   {product} {ergonomic}
    uintx NonNMethodCodeHeapSize                   = 5830732                                {pd product} {ergonomic}
    uintx NonProfiledCodeHeapSize                  = 122913754                              {pd product} {ergonomic}
    uintx ProfiledCodeHeapSize                     = 122913754                              {pd product} {ergonomic}
    uintx ReservedCodeCacheSize                    = 251658240                              {pd product} {ergonomic}
     bool SegmentedCodeCache                       = true                                      {product} {ergonomic}
     bool UseCompressedClassPointers               = true                                 {lp64_product} {ergonomic}
     bool UseCompressedOops                        = true                                 {lp64_product} {ergonomic}
     bool UseG1GC                                  = true                                      {product} {ergonomic}
     bool UseLargePagesIndividualAllocation        = false                                  {pd product} {ergonomic}

Logging:
Log output configuration:
 #0: stdout all=warning uptime,level,tags
 #1: stderr all=off uptime,level,tags

Environment Variables:
JAVA_HOME=C:\Program Files\Java\jdk-11
PATH=C:\Program Files\Java\jdk-11\bin;C:\Program Files\Common Files\Oracle\Java\javapath;C:\Windows\system32;C:\Windows;C:\Windows\System32\Wbem;C:\Windows\System32\WindowsPowerShell\v1.0\;C:\Windows\System32\OpenSSH\;C:\Users\ades\AppData\Local\Microsoft\WindowsApps;;C:\Users\ades\AppData\Local\Programs\Microsoft VS Code\bin
USERNAME=ades
OS=Windows_NT
PROCESSOR_IDENTIFIER=AMD64 Family 22 Model 48 Stepping 1, AuthenticAMD



---------------  S Y S T E M  ---------------

OS: Windows 10 , 64 bit Build 19041 (10.0.19041.1202)

CPU:total 4 (initial active 4) (4 cores per cpu, 1 threads per core) family 22 model 48 stepping 1 microcode 0x0, cmov, cx8, fxsr, mmx, sse, sse2, sse3, ssse3, sse4.1, sse4.2, popcnt, avx, aes, clmul, mmxext, 3dnowpref, lzcnt, sse4a, tsc, tscinvbit, tscinv, bmi1

Memory: 4k page, system-wide physical 11186M (1476M free)
TotalPageFile size 11186M (AvailPageFile size 5M)
current process WorkingSet (physical memory assigned to process): 511M, peak: 511M
current process commit charge ("private bytes"): 549M, peak: 550M

vm_info: Java HotSpot(TM) 64-Bit Server VM (11.0.18+9-LTS-195) for windows-amd64 JRE (11.0.18+9-LTS-195), built on Dec  6 2022 15:50:58 by "mach5one" with MS VC++ 17.1 (VS2022)

END.
